<?xml version="1.0" encoding="UTF-8"?>
<coverage generated="1776121928191" clover="3.2.0">
  <project timestamp="1776121928192" name="All files">
    <metrics statements="300" coveredstatements="252" conditionals="455" coveredconditionals="239" methods="51" coveredmethods="48" elements="806" coveredelements="539" complexity="0" loc="300" ncloc="300" packages="2" files="3" classes="3"/>
    <package name="lib">
      <metrics statements="59" coveredstatements="55" conditionals="22" coveredconditionals="16" methods="5" coveredmethods="5"/>
      <file name="columnFieldLineage.ts" path="/Users/macbookpro/Documents/git/mainframelineage/mainframe-lineage-viewer/src/lib/columnFieldLineage.ts">
        <metrics statements="59" coveredstatements="55" conditionals="22" coveredconditionals="16" methods="5" coveredmethods="5"/>
        <line num="5" count="1" type="stmt"/>
        <line num="6" count="303" type="stmt"/>
        <line num="9" count="1" type="stmt"/>
        <line num="10" count="50" type="stmt"/>
        <line num="12" count="50" type="cond" truecount="0" falsecount="1"/>
        <line num="13" count="0" type="stmt"/>
        <line num="16" count="50" type="stmt"/>
        <line num="22" count="1" type="stmt"/>
        <line num="25" count="4" type="stmt"/>
        <line num="26" count="4" type="stmt"/>
        <line num="27" count="4" type="stmt"/>
        <line num="28" count="4" type="stmt"/>
        <line num="29" count="4" type="stmt"/>
        <line num="30" count="4" type="stmt"/>
        <line num="32" count="4" type="stmt"/>
        <line num="33" count="23" type="stmt"/>
        <line num="34" count="23" type="stmt"/>
        <line num="36" count="23" type="stmt"/>
        <line num="37" count="121" type="stmt"/>
        <line num="41" count="4" type="stmt"/>
        <line num="42" count="91" type="stmt"/>
        <line num="43" count="91" type="stmt"/>
        <line num="45" count="91" type="stmt"/>
        <line num="46" count="91" type="stmt"/>
        <line num="47" count="91" type="stmt"/>
        <line num="48" count="91" type="stmt"/>
        <line num="49" count="91" type="stmt"/>
        <line num="51" count="91" type="stmt"/>
        <line num="52" count="91" type="cond" truecount="2" falsecount="0"/>
        <line num="53" count="20" type="stmt"/>
        <line num="55" count="71" type="stmt"/>
        <line num="59" count="4" type="stmt"/>
        <line num="60" count="4" type="stmt"/>
        <line num="62" count="4" type="stmt"/>
        <line num="63" count="196" type="stmt"/>
        <line num="64" count="196" type="cond" truecount="1" falsecount="0"/>
        <line num="65" count="75" type="stmt"/>
        <line num="68" count="121" type="cond" truecount="0" falsecount="1"/>
        <line num="69" count="0" type="stmt"/>
        <line num="72" count="121" type="stmt"/>
        <line num="74" count="121" type="cond" truecount="2" falsecount="0"/>
        <line num="77" count="121" type="cond" truecount="2" falsecount="0"/>
        <line num="78" count="50" type="stmt"/>
        <line num="79" count="50" type="stmt"/>
        <line num="80" count="50" type="stmt"/>
        <line num="82" count="50" type="cond" truecount="4" falsecount="0"/>
        <line num="83" count="39" type="stmt"/>
        <line num="84" count="11" type="cond" truecount="1" falsecount="1"/>
        <line num="85" count="0" type="stmt"/>
        <line num="86" count="11" type="cond" truecount="2" falsecount="3"/>
        <line num="87" count="0" type="stmt"/>
        <line num="89" count="11" type="stmt"/>
        <line num="92" count="75" type="cond" truecount="2" falsecount="0"/>
        <line num="97" count="121" type="stmt"/>
        <line num="98" count="121" type="stmt"/>
        <line num="99" count="121" type="stmt"/>
        <line num="102" count="4" type="stmt"/>
        <line num="103" count="121" type="stmt"/>
        <line num="106" count="4" type="stmt"/>
      </file>
    </package>
    <package name="lib.mainframe">
      <metrics statements="241" coveredstatements="197" conditionals="433" coveredconditionals="223" methods="46" coveredmethods="43"/>
      <file name="parseCanonicalBundle.ts" path="/Users/macbookpro/Documents/git/mainframelineage/mainframe-lineage-viewer/src/lib/mainframe/parseCanonicalBundle.ts">
        <metrics statements="202" coveredstatements="187" conditionals="364" coveredconditionals="216" methods="42" coveredmethods="41"/>
        <line num="11" count="1" type="stmt"/>
        <line num="99" count="1" type="stmt"/>
        <line num="100" count="7" type="stmt"/>
        <line num="107" count="99" type="stmt"/>
        <line num="115" count="79" type="stmt"/>
        <line num="125" count="30" type="stmt"/>
        <line num="135" count="4" type="cond" truecount="1" falsecount="1"/>
        <line num="147" count="6" type="cond" truecount="1" falsecount="1"/>
        <line num="155" count="20" type="cond" truecount="1" falsecount="1"/>
        <line num="165" count="1" type="stmt"/>
        <line num="166" count="7" type="stmt"/>
        <line num="168" count="1" type="stmt"/>
        <line num="169" count="1" type="stmt"/>
        <line num="170" count="99" type="cond" truecount="1" falsecount="0"/>
        <line num="171" count="7" type="stmt"/>
        <line num="173" count="99" type="cond" truecount="3" falsecount="1"/>
        <line num="180" count="1" type="stmt"/>
        <line num="181" count="30" type="stmt"/>
        <line num="183" count="1" type="stmt"/>
        <line num="184" count="1" type="stmt"/>
        <line num="185" count="1" type="stmt"/>
        <line num="186" count="1" type="stmt"/>
        <line num="187" count="1" type="stmt"/>
        <line num="188" count="1" type="stmt"/>
        <line num="189" count="1" type="stmt"/>
        <line num="190" count="1" type="stmt"/>
        <line num="191" count="4" type="stmt"/>
        <line num="192" count="1" type="stmt"/>
        <line num="193" count="6" type="stmt"/>
        <line num="205" count="1" type="stmt"/>
        <line num="206" count="6" type="stmt"/>
        <line num="207" count="1" type="stmt"/>
        <line num="209" count="1" type="stmt"/>
        <line num="210" count="20" type="stmt"/>
        <line num="220" count="20" type="stmt"/>
        <line num="221" count="20" type="cond" truecount="1" falsecount="0"/>
        <line num="222" count="20" type="stmt"/>
        <line num="224" count="20" type="cond" truecount="3" falsecount="1"/>
        <line num="228" count="199" type="cond" truecount="2" falsecount="0"/>
        <line num="235" count="199" type="stmt"/>
        <line num="237" count="199" type="cond" truecount="1" falsecount="0"/>
        <line num="238" count="8" type="stmt"/>
        <line num="252" count="199" type="stmt"/>
        <line num="256" count="199" type="stmt"/>
        <line num="257" count="199" type="cond" truecount="4" falsecount="2"/>
        <line num="258" count="199" type="cond" truecount="4" falsecount="6"/>
        <line num="259" count="199" type="stmt"/>
        <line num="261" count="199" type="cond" truecount="1" falsecount="0"/>
        <line num="262" count="199" type="stmt"/>
        <line num="264" count="199" type="cond" truecount="1" falsecount="0"/>
        <line num="265" count="199" type="stmt"/>
        <line num="267" count="199" type="cond" truecount="1" falsecount="0"/>
        <line num="268" count="199" type="stmt"/>
        <line num="272" count="1" type="stmt"/>
        <line num="273" count="79" type="stmt"/>
        <line num="274" count="79" type="stmt"/>
        <line num="275" count="79" type="cond" truecount="2" falsecount="1"/>
        <line num="276" count="0" type="stmt"/>
        <line num="279" count="79" type="stmt"/>
        <line num="280" count="79" type="stmt"/>
        <line num="281" count="79" type="stmt"/>
        <line num="283" count="79" type="stmt"/>
        <line num="284" count="79" type="stmt"/>
        <line num="285" count="79" type="cond" truecount="1" falsecount="6"/>
        <line num="287" count="79" type="stmt"/>
        <line num="288" count="79" type="stmt"/>
        <line num="289" count="79" type="stmt"/>
        <line num="290" count="79" type="stmt"/>
        <line num="292" count="79" type="stmt"/>
        <line num="298" count="79" type="stmt"/>
        <line num="311" count="79" type="stmt"/>
        <line num="312" count="79" type="stmt"/>
        <line num="313" count="79" type="stmt"/>
        <line num="316" count="1" type="stmt"/>
        <line num="318" count="30" type="stmt"/>
        <line num="319" count="30" type="cond" truecount="4" falsecount="0"/>
        <line num="320" count="3" type="stmt"/>
        <line num="323" count="27" type="stmt"/>
        <line num="324" count="27" type="stmt"/>
        <line num="325" count="27" type="stmt"/>
        <line num="326" count="27" type="cond" truecount="1" falsecount="0"/>
        <line num="327" count="19" type="stmt"/>
        <line num="329" count="27" type="stmt"/>
        <line num="330" count="27" type="stmt"/>
        <line num="334" count="27" type="stmt"/>
        <line num="339" count="27" type="cond" truecount="3" falsecount="1"/>
        <line num="356" count="1" type="stmt"/>
        <line num="357" count="30" type="stmt"/>
        <line num="359" count="7" type="stmt"/>
        <line num="360" count="7" type="cond" truecount="0" falsecount="1"/>
        <line num="361" count="0" type="stmt"/>
        <line num="364" count="7" type="stmt"/>
        <line num="371" count="7" type="stmt"/>
        <line num="372" count="7" type="cond" truecount="1" falsecount="1"/>
        <line num="373" count="7" type="stmt"/>
        <line num="374" count="7" type="stmt"/>
        <line num="375" count="7" type="cond" truecount="1" falsecount="1"/>
        <line num="377" count="11" type="cond" truecount="1" falsecount="0"/>
        <line num="378" count="4" type="stmt"/>
        <line num="385" count="7" type="stmt"/>
        <line num="386" count="7" type="stmt"/>
        <line num="387" count="7" type="stmt"/>
        <line num="388" count="7" type="stmt"/>
        <line num="390" count="7" type="stmt"/>
        <line num="411" count="7" type="stmt"/>
        <line num="412" count="7" type="stmt"/>
        <line num="413" count="7" type="stmt"/>
        <line num="416" count="1" type="stmt"/>
        <line num="418" count="1" type="stmt"/>
        <line num="419" count="8" type="stmt"/>
        <line num="420" count="8" type="stmt"/>
        <line num="421" count="8" type="stmt"/>
        <line num="423" count="8" type="cond" truecount="4" falsecount="0"/>
        <line num="424" count="3" type="stmt"/>
        <line num="425" count="5" type="cond" truecount="2" falsecount="0"/>
        <line num="426" count="4" type="stmt"/>
        <line num="427" count="1" type="cond" truecount="1" falsecount="1"/>
        <line num="428" count="1" type="stmt"/>
        <line num="430" count="0" type="stmt"/>
        <line num="433" count="283" type="stmt"/>
        <line num="434" count="8" type="cond" truecount="1" falsecount="1"/>
        <line num="435" count="8" type="cond" truecount="1" falsecount="1"/>
        <line num="436" count="8" type="cond" truecount="1" falsecount="1"/>
        <line num="437" count="8" type="stmt"/>
        <line num="440" count="1" type="stmt"/>
        <line num="464" count="86" type="stmt"/>
        <line num="473" count="86" type="cond" truecount="1" falsecount="0"/>
        <line num="474" count="79" type="stmt"/>
        <line num="484" count="86" type="stmt"/>
        <line num="485" count="86" type="stmt"/>
        <line num="487" count="86" type="cond" truecount="1" falsecount="0"/>
        <line num="488" count="4" type="stmt"/>
        <line num="507" count="86" type="stmt"/>
        <line num="517" count="172" type="stmt"/>
        <line num="518" count="172" type="cond" truecount="1" falsecount="0"/>
        <line num="519" count="12" type="stmt"/>
        <line num="520" count="12" type="stmt"/>
        <line num="525" count="99" type="cond" truecount="4" falsecount="0"/>
        <line num="526" count="99" type="cond" truecount="1" falsecount="1"/>
        <line num="527" count="99" type="stmt"/>
        <line num="531" count="199" type="stmt"/>
        <line num="535" count="207" type="cond" truecount="1" falsecount="1"/>
        <line num="536" count="207" type="cond" truecount="1" falsecount="0"/>
        <line num="537" count="19" type="stmt"/>
        <line num="539" count="188" type="cond" truecount="1" falsecount="0"/>
        <line num="540" count="8" type="stmt"/>
        <line num="542" count="180" type="stmt"/>
        <line num="546" count="7" type="cond" truecount="1" falsecount="1"/>
        <line num="547" count="7" type="cond" truecount="1" falsecount="1"/>
        <line num="554" count="1" type="stmt"/>
        <line num="555" count="1" type="cond" truecount="1" falsecount="0"/>
        <line num="556" count="1" type="stmt"/>
        <line num="559" count="0" type="stmt"/>
        <line num="566" count="289" type="cond" truecount="1" falsecount="0"/>
        <line num="567" count="289" type="stmt"/>
        <line num="570" count="0" type="cond" truecount="0" falsecount="7"/>
        <line num="571" count="0" type="stmt"/>
        <line num="574" count="0" type="cond" truecount="0" falsecount="6"/>
        <line num="582" count="86" type="cond" truecount="1" falsecount="1"/>
        <line num="583" count="86" type="stmt"/>
        <line num="587" count="597" type="cond" truecount="0" falsecount="1"/>
        <line num="588" count="0" type="cond" truecount="0" falsecount="2"/>
        <line num="590" count="597" type="cond" truecount="0" falsecount="1"/>
        <line num="591" count="0" type="stmt"/>
        <line num="593" count="597" type="cond" truecount="2" falsecount="0"/>
        <line num="597" count="7" type="stmt"/>
        <line num="598" count="7" type="stmt"/>
        <line num="599" count="7" type="stmt"/>
        <line num="600" count="7" type="stmt"/>
        <line num="602" count="7" type="stmt"/>
        <line num="603" count="20448" type="stmt"/>
        <line num="604" count="20448" type="stmt"/>
        <line num="606" count="20448" type="cond" truecount="1" falsecount="0"/>
        <line num="607" count="42" type="cond" truecount="3" falsecount="1"/>
        <line num="608" count="0" type="stmt"/>
        <line num="609" count="0" type="stmt"/>
        <line num="611" count="42" type="stmt"/>
        <line num="613" count="42" type="stmt"/>
        <line num="616" count="20406" type="cond" truecount="3" falsecount="0"/>
        <line num="617" count="2002" type="stmt"/>
        <line num="618" count="2002" type="stmt"/>
        <line num="619" count="2002" type="stmt"/>
        <line num="622" count="18404" type="cond" truecount="4" falsecount="0"/>
        <line num="623" count="252" type="cond" truecount="1" falsecount="2"/>
        <line num="624" count="0" type="stmt"/>
        <line num="626" count="252" type="stmt"/>
        <line num="627" count="252" type="stmt"/>
        <line num="628" count="252" type="stmt"/>
        <line num="629" count="252" type="stmt"/>
        <line num="630" count="252" type="stmt"/>
        <line num="633" count="18152" type="stmt"/>
        <line num="636" count="7" type="cond" truecount="2" falsecount="1"/>
        <line num="637" count="0" type="stmt"/>
        <line num="638" count="0" type="stmt"/>
        <line num="641" count="252" type="stmt"/>
        <line num="642" count="7" type="cond" truecount="0" falsecount="1"/>
        <line num="643" count="0" type="stmt"/>
        <line num="646" count="7" type="stmt"/>
        <line num="647" count="245" type="stmt"/>
        <line num="648" count="245" type="stmt"/>
        <line num="649" count="2193" type="cond" truecount="2" falsecount="0"/>
        <line num="651" count="245" type="stmt"/>
      </file>
      <file name="transformationCatalog.ts" path="/Users/macbookpro/Documents/git/mainframelineage/mainframe-lineage-viewer/src/lib/mainframe/transformationCatalog.ts">
        <metrics statements="39" coveredstatements="10" conditionals="69" coveredconditionals="7" methods="4" coveredmethods="2"/>
        <line num="8" count="1" type="stmt"/>
        <line num="72" count="0" type="cond" truecount="0" falsecount="2"/>
        <line num="73" count="0" type="cond" truecount="0" falsecount="1"/>
        <line num="74" count="0" type="stmt"/>
        <line num="78" count="0" type="cond" truecount="0" falsecount="4"/>
        <line num="83" count="0" type="cond" truecount="0" falsecount="1"/>
        <line num="84" count="0" type="stmt"/>
        <line num="87" count="0" type="stmt"/>
        <line num="97" count="1" type="stmt"/>
        <line num="102" count="150" type="cond" truecount="1" falsecount="1"/>
        <line num="103" count="150" type="cond" truecount="1" falsecount="1"/>
        <line num="105" count="150" type="cond" truecount="3" falsecount="0"/>
        <line num="106" count="150" type="stmt"/>
        <line num="109" count="0" type="cond" truecount="0" falsecount="1"/>
        <line num="115" count="0" type="stmt"/>
        <line num="118" count="0" type="cond" truecount="0" falsecount="4"/>
        <line num="119" count="0" type="stmt"/>
        <line num="122" count="0" type="cond" truecount="0" falsecount="1"/>
        <line num="127" count="0" type="stmt"/>
        <line num="130" count="0" type="cond" truecount="0" falsecount="4"/>
        <line num="131" count="0" type="stmt"/>
        <line num="134" count="0" type="cond" truecount="0" falsecount="4"/>
        <line num="135" count="0" type="stmt"/>
        <line num="138" count="0" type="cond" truecount="0" falsecount="3"/>
        <line num="139" count="0" type="stmt"/>
        <line num="142" count="0" type="cond" truecount="0" falsecount="4"/>
        <line num="143" count="0" type="cond" truecount="0" falsecount="2"/>
        <line num="148" count="0" type="cond" truecount="0" falsecount="4"/>
        <line num="149" count="0" type="stmt"/>
        <line num="152" count="0" type="cond" truecount="0" falsecount="3"/>
        <line num="153" count="0" type="stmt"/>
        <line num="156" count="0" type="stmt"/>
        <line num="159" count="1" type="stmt"/>
        <line num="164" count="30" type="stmt"/>
        <line num="165" count="30" type="cond" truecount="2" falsecount="0"/>
        <line num="168" count="1" type="stmt"/>
        <line num="169" count="0" type="cond" truecount="0" falsecount="2"/>
        <line num="170" count="0" type="cond" truecount="0" falsecount="2"/>
        <line num="171" count="0" type="stmt"/>
      </file>
    </package>
  </project>
</coverage>
