{"/Users/macbookpro/Documents/git/mainframelineage/mainframe-lineage-viewer/src/components/lineageFullscreenPanel.ts": {"path":"/Users/macbookpro/Documents/git/mainframelineage/mainframe-lineage-viewer/src/components/lineageFullscreenPanel.ts","statementMap":{"0":{"start":{"line":7,"column":0},"end":{"line":7,"column":16}},"1":{"start":{"line":11,"column":0},"end":{"line":11,"column":16}},"2":{"start":{"line":15,"column":0},"end":{"line":15,"column":16}},"3":{"start":{"line":35,"column":0},"end":{"line":35,"column":16}},"4":{"start":{"line":60,"column":0},"end":{"line":60,"column":16}},"5":{"start":{"line":8,"column":2},"end":{"line":8,"column":60}},"6":{"start":{"line":12,"column":2},"end":{"line":12,"column":80}},"7":{"start":{"line":24,"column":2},"end":{"line":32,"column":4}},"8":{"start":{"line":42,"column":2},"end":{"line":57,"column":4}},"9":{"start":{"line":63,"column":2},"end":{"line":65,"column":4}},"10":{"start":{"line":64,"column":4},"end":{"line":64,"column":67}}},"fnMap":{"0":{"name":"getLineageFullscreenButtonLabel","decl":{"start":{"line":7,"column":16},"end":{"line":7,"column":47}},"loc":{"start":{"line":7,"column":69},"end":{"line":9,"column":1}}},"1":{"name":"getLineageFullscreenButtonTitle","decl":{"start":{"line":11,"column":16},"end":{"line":11,"column":47}},"loc":{"start":{"line":11,"column":69},"end":{"line":13,"column":1}}},"2":{"name":"getLineageFullscreenPanelStyle","decl":{"start":{"line":15,"column":16},"end":{"line":15,"column":46}},"loc":{"start":{"line":23,"column":1},"end":{"line":33,"column":1}}},"3":{"name":"getLineageFullscreenButtonStyle","decl":{"start":{"line":35,"column":16},"end":{"line":35,"column":47}},"loc":{"start":{"line":41,"column":1},"end":{"line":58,"column":1}}},"4":{"name":"createLineageFullscreenRefitCallback","decl":{"start":{"line":60,"column":16},"end":{"line":60,"column":52}},"loc":{"start":{"line":61,"column":63},"end":{"line":66,"column":1}}},"5":{"name":"(anonymous_5)","decl":{"start":{"line":63,"column":9},"end":{"line":63,"column":12}},"loc":{"start":{"line":63,"column":14},"end":{"line":65,"column":3}}}},"branchMap":{"0":{"loc":{"start":{"line":8,"column":9},"end":{"line":8,"column":59}},"type":"cond-expr","locations":[{"start":{"line":8,"column":24},"end":{"line":8,"column":44}},{"start":{"line":8,"column":47},"end":{"line":8,"column":59}}]},"1":{"loc":{"start":{"line":12,"column":9},"end":{"line":12,"column":79}},"type":"cond-expr","locations":[{"start":{"line":12,"column":24},"end":{"line":12,"column":50}},{"start":{"line":12,"column":53},"end":{"line":12,"column":79}}]},"2":{"loc":{"start":{"line":25,"column":12},"end":{"line":25,"column":51}},"type":"cond-expr","locations":[{"start":{"line":25,"column":27},"end":{"line":25,"column":35}},{"start":{"line":25,"column":38},"end":{"line":25,"column":51}}]},"3":{"loc":{"start":{"line":26,"column":11},"end":{"line":26,"column":42}},"type":"cond-expr","locations":[{"start":{"line":26,"column":26},"end":{"line":26,"column":33}},{"start":{"line":26,"column":36},"end":{"line":26,"column":42}}]},"4":{"loc":{"start":{"line":27,"column":21},"end":{"line":27,"column":51}},"type":"cond-expr","locations":[{"start":{"line":27,"column":30},"end":{"line":27,"column":39}},{"start":{"line":27,"column":42},"end":{"line":27,"column":51}}]},"5":{"loc":{"start":{"line":28,"column":25},"end":{"line":28,"column":55}},"type":"cond-expr","locations":[{"start":{"line":28,"column":34},"end":{"line":28,"column":43}},{"start":{"line":28,"column":46},"end":{"line":28,"column":55}}]},"6":{"loc":{"start":{"line":29,"column":18},"end":{"line":29,"column":44}},"type":"cond-expr","locations":[{"start":{"line":29,"column":33},"end":{"line":29,"column":36}},{"start":{"line":29,"column":39},"end":{"line":29,"column":44}}]},"7":{"loc":{"start":{"line":51,"column":21},"end":{"line":51,"column":51}},"type":"cond-expr","locations":[{"start":{"line":51,"column":30},"end":{"line":51,"column":39}},{"start":{"line":51,"column":42},"end":{"line":51,"column":51}}]},"8":{"loc":{"start":{"line":52,"column":11},"end":{"line":52,"column":41}},"type":"cond-expr","locations":[{"start":{"line":52,"column":20},"end":{"line":52,"column":29}},{"start":{"line":52,"column":32},"end":{"line":52,"column":41}}]},"9":{"loc":{"start":{"line":53,"column":25},"end":{"line":53,"column":55}},"type":"cond-expr","locations":[{"start":{"line":53,"column":34},"end":{"line":53,"column":43}},{"start":{"line":53,"column":46},"end":{"line":53,"column":55}}]},"10":{"loc":{"start":{"line":55,"column":12},"end":{"line":55,"column":61}},"type":"cond-expr","locations":[{"start":{"line":55,"column":36},"end":{"line":55,"column":45}},{"start":{"line":55,"column":48},"end":{"line":55,"column":61}}]},"11":{"loc":{"start":{"line":56,"column":13},"end":{"line":56,"column":45}},"type":"cond-expr","locations":[{"start":{"line":56,"column":37},"end":{"line":56,"column":38}},{"start":{"line":56,"column":41},"end":{"line":56,"column":45}}]},"12":{"loc":{"start":{"line":64,"column":4},"end":{"line":64,"column":66}},"type":"cond-expr","locations":[{"start":{"line":64,"column":24},"end":{"line":64,"column":26}},{"start":{"line":64,"column":24},"end":{"line":64,"column":66}}]},"13":{"loc":{"start":{"line":64,"column":4},"end":{"line":64,"column":26}},"type":"binary-expr","locations":[{"start":{"line":64,"column":4},"end":{"line":64,"column":26}},{"start":{"line":64,"column":24},"end":{"line":64,"column":26}}]}},"s":{"0":1,"1":1,"2":1,"3":1,"4":1,"5":2,"6":2,"7":2,"8":1,"9":1,"10":1},"f":{"0":2,"1":2,"2":2,"3":1,"4":1,"5":1},"b":{"0":[1,1],"1":[1,1],"2":[1,1],"3":[1,1],"4":[1,1],"5":[1,1],"6":[1,1],"7":[1,0],"8":[1,0],"9":[1,0],"10":[0,1],"11":[0,1],"12":[0,1],"13":[1,1]}}
,"/Users/macbookpro/Documents/git/mainframelineage/mainframe-lineage-viewer/src/components/useLineageFullscreen.ts": {"path":"/Users/macbookpro/Documents/git/mainframelineage/mainframe-lineage-viewer/src/components/useLineageFullscreen.ts","statementMap":{"0":{"start":{"line":37,"column":0},"end":{"line":37,"column":16}},"1":{"start":{"line":49,"column":0},"end":{"line":49,"column":16}},"2":{"start":{"line":60,"column":0},"end":{"line":60,"column":16}},"3":{"start":{"line":76,"column":0},"end":{"line":76,"column":16}},"4":{"start":{"line":1,"column":0},"end":{"line":1,"column":76}},"5":{"start":{"line":27,"column":13},"end":{"line":27,"column":60}},"6":{"start":{"line":30,"column":2},"end":{"line":32,"column":3}},"7":{"start":{"line":31,"column":4},"end":{"line":31,"column":16}},"8":{"start":{"line":34,"column":2},"end":{"line":34,"column":40}},"9":{"start":{"line":41,"column":27},"end":{"line":41,"column":80}},"10":{"start":{"line":43,"column":2},"end":{"line":46,"column":4}},"11":{"start":{"line":53,"column":2},"end":{"line":57,"column":4}},"12":{"start":{"line":65,"column":2},"end":{"line":67,"column":3}},"13":{"start":{"line":66,"column":4},"end":{"line":66,"column":27}},"14":{"start":{"line":66,"column":17},"end":{"line":66,"column":26}},"15":{"start":{"line":69,"column":20},"end":{"line":71,"column":13}},"16":{"start":{"line":70,"column":4},"end":{"line":70,"column":37}},"17":{"start":{"line":73,"column":2},"end":{"line":73,"column":39}},"18":{"start":{"line":73,"column":15},"end":{"line":73,"column":38}},"19":{"start":{"line":81,"column":42},"end":{"line":81,"column":57}},"20":{"start":{"line":82,"column":60},"end":{"line":82,"column":75}},"21":{"start":{"line":83,"column":31},"end":{"line":83,"column":64}},"22":{"start":{"line":85,"column":30},"end":{"line":104,"column":null}},"23":{"start":{"line":87,"column":33},"end":{"line":87,"column":63}},"24":{"start":{"line":88,"column":31},"end":{"line":88,"column":51}},"25":{"start":{"line":89,"column":40},"end":{"line":89,"column":101}},"26":{"start":{"line":90,"column":31},"end":{"line":90,"column":94}},"27":{"start":{"line":92,"column":6},"end":{"line":92,"column":58}},"28":{"start":{"line":93,"column":6},"end":{"line":93,"column":40}},"29":{"start":{"line":95,"column":6},"end":{"line":102,"column":7}},"30":{"start":{"line":96,"column":8},"end":{"line":96,"column":41}},"31":{"start":{"line":97,"column":8},"end":{"line":101,"column":10}},"32":{"start":{"line":107,"column":2},"end":{"line":126,"column":28}},"33":{"start":{"line":108,"column":31},"end":{"line":108,"column":61}},"34":{"start":{"line":109,"column":4},"end":{"line":111,"column":5}},"35":{"start":{"line":110,"column":6},"end":{"line":110,"column":13}},"36":{"start":{"line":113,"column":4},"end":{"line":113,"column":31}},"37":{"start":{"line":115,"column":35},"end":{"line":117,"column":5}},"38":{"start":{"line":116,"column":6},"end":{"line":116,"column":32}},"39":{"start":{"line":119,"column":4},"end":{"line":119,"column":84}},"40":{"start":{"line":121,"column":4},"end":{"line":125,"column":6}},"41":{"start":{"line":122,"column":6},"end":{"line":122,"column":89}},"42":{"start":{"line":123,"column":6},"end":{"line":123,"column":39}},"43":{"start":{"line":124,"column":6},"end":{"line":124,"column":42}},"44":{"start":{"line":128,"column":26},"end":{"line":150,"column":20}},"45":{"start":{"line":129,"column":31},"end":{"line":129,"column":61}},"46":{"start":{"line":130,"column":29},"end":{"line":130,"column":86}},"47":{"start":{"line":132,"column":4},"end":{"line":134,"column":5}},"48":{"start":{"line":133,"column":6},"end":{"line":133,"column":18}},"49":{"start":{"line":136,"column":4},"end":{"line":138,"column":5}},"50":{"start":{"line":137,"column":6},"end":{"line":137,"column":19}},"51":{"start":{"line":140,"column":4},"end":{"line":142,"column":5}},"52":{"start":{"line":141,"column":6},"end":{"line":141,"column":19}},"53":{"start":{"line":144,"column":4},"end":{"line":149,"column":5}},"54":{"start":{"line":145,"column":6},"end":{"line":145,"column":49}},"55":{"start":{"line":146,"column":6},"end":{"line":146,"column":18}},"56":{"start":{"line":148,"column":6},"end":{"line":148,"column":19}},"57":{"start":{"line":152,"column":25},"end":{"line":165,"column":8}},"58":{"start":{"line":153,"column":31},"end":{"line":153,"column":61}},"59":{"start":{"line":155,"column":4},"end":{"line":157,"column":5}},"60":{"start":{"line":156,"column":6},"end":{"line":156,"column":19}},"61":{"start":{"line":159,"column":4},"end":{"line":164,"column":5}},"62":{"start":{"line":160,"column":6},"end":{"line":160,"column":48}},"63":{"start":{"line":161,"column":6},"end":{"line":161,"column":18}},"64":{"start":{"line":163,"column":6},"end":{"line":163,"column":19}},"65":{"start":{"line":167,"column":27},"end":{"line":176,"column":53}},"66":{"start":{"line":168,"column":31},"end":{"line":168,"column":61}},"67":{"start":{"line":169,"column":29},"end":{"line":169,"column":49}},"68":{"start":{"line":171,"column":4},"end":{"line":173,"column":5}},"69":{"start":{"line":172,"column":6},"end":{"line":172,"column":30}},"70":{"start":{"line":175,"column":4},"end":{"line":175,"column":29}},"71":{"start":{"line":178,"column":2},"end":{"line":184,"column":4}}},"fnMap":{"0":{"name":"getBrowserFullscreenDocument","decl":{"start":{"line":29,"column":9},"end":{"line":29,"column":37}},"loc":{"start":{"line":29,"column":37},"end":{"line":35,"column":1}}},"1":{"name":"canUseLineageFullscreen","decl":{"start":{"line":37,"column":16},"end":{"line":37,"column":39}},"loc":{"start":{"line":39,"column":38},"end":{"line":47,"column":1}}},"2":{"name":"isLineageFullscreenActive","decl":{"start":{"line":49,"column":16},"end":{"line":49,"column":41}},"loc":{"start":{"line":51,"column":38},"end":{"line":58,"column":1}}},"3":{"name":"scheduleLineageFullscreenRefit","decl":{"start":{"line":60,"column":16},"end":{"line":60,"column":46}},"loc":{"start":{"line":63,"column":53},"end":{"line":74,"column":1}}},"4":{"name":"(anonymous_4)","decl":{"start":{"line":66,"column":11},"end":{"line":66,"column":14}},"loc":{"start":{"line":66,"column":17},"end":{"line":66,"column":26}}},"5":{"name":"(anonymous_5)","decl":{"start":{"line":69,"column":31},"end":{"line":69,"column":34}},"loc":{"start":{"line":69,"column":36},"end":{"line":71,"column":3}}},"6":{"name":"(anonymous_6)","decl":{"start":{"line":73,"column":9},"end":{"line":73,"column":12}},"loc":{"start":{"line":73,"column":15},"end":{"line":73,"column":38}}},"7":{"name":"useLineageFullscreen","decl":{"start":{"line":76,"column":16},"end":{"line":76,"column":36}},"loc":{"start":{"line":80,"column":30},"end":{"line":185,"column":1}}},"8":{"name":"(anonymous_8)","decl":{"start":{"line":86,"column":4},"end":{"line":86,"column":5}},"loc":{"start":{"line":86,"column":38},"end":{"line":103,"column":5}}},"9":{"name":"(anonymous_9)","decl":{"start":{"line":107,"column":12},"end":{"line":107,"column":15}},"loc":{"start":{"line":107,"column":17},"end":{"line":126,"column":3}}},"10":{"name":"(anonymous_10)","decl":{"start":{"line":115,"column":35},"end":{"line":115,"column":38}},"loc":{"start":{"line":115,"column":40},"end":{"line":117,"column":5}}},"11":{"name":"(anonymous_11)","decl":{"start":{"line":121,"column":11},"end":{"line":121,"column":14}},"loc":{"start":{"line":121,"column":16},"end":{"line":125,"column":5}}},"12":{"name":"(anonymous_12)","decl":{"start":{"line":128,"column":38},"end":{"line":128,"column":43}},"loc":{"start":{"line":128,"column":49},"end":{"line":150,"column":3}}},"13":{"name":"(anonymous_13)","decl":{"start":{"line":152,"column":37},"end":{"line":152,"column":42}},"loc":{"start":{"line":152,"column":48},"end":{"line":165,"column":3}}},"14":{"name":"(anonymous_14)","decl":{"start":{"line":167,"column":39},"end":{"line":167,"column":44}},"loc":{"start":{"line":167,"column":50},"end":{"line":176,"column":3}}}},"branchMap":{"0":{"loc":{"start":{"line":30,"column":2},"end":{"line":32,"column":3}},"type":"if","locations":[{"start":{"line":30,"column":2},"end":{"line":32,"column":3}}]},"1":{"loc":{"start":{"line":44,"column":4},"end":{"line":45,"column":null}},"type":"binary-expr","locations":[{"start":{"line":44,"column":4},"end":{"line":44,"column":41}},{"start":{"line":45,"column":6},"end":{"line":45,"column":41}}]},"2":{"loc":{"start":{"line":44,"column":4},"end":{"line":44,"column":41}},"type":"cond-expr","locations":[{"start":{"line":44,"column":22},"end":{"line":44,"column":24}},{"start":{"line":44,"column":4},"end":{"line":44,"column":41}}]},"3":{"loc":{"start":{"line":44,"column":4},"end":{"line":44,"column":24}},"type":"binary-expr","locations":[{"start":{"line":44,"column":4},"end":{"line":44,"column":24}},{"start":{"line":44,"column":4},"end":{"line":44,"column":24}}]},"4":{"loc":{"start":{"line":45,"column":6},"end":{"line":45,"column":41}},"type":"cond-expr","locations":[{"start":{"line":45,"column":22},"end":{"line":45,"column":24}},{"start":{"line":45,"column":6},"end":{"line":45,"column":41}}]},"5":{"loc":{"start":{"line":45,"column":6},"end":{"line":45,"column":24}},"type":"binary-expr","locations":[{"start":{"line":45,"column":6},"end":{"line":45,"column":24}},{"start":{"line":45,"column":6},"end":{"line":45,"column":24}}]},"6":{"loc":{"start":{"line":54,"column":4},"end":{"line":56,"column":63}},"type":"binary-expr","locations":[{"start":{"line":54,"column":4},"end":{"line":54,"column":41}},{"start":{"line":55,"column":6},"end":{"line":55,"column":22}},{"start":{"line":56,"column":6},"end":{"line":56,"column":63}}]},"7":{"loc":{"start":{"line":54,"column":4},"end":{"line":54,"column":41}},"type":"cond-expr","locations":[{"start":{"line":54,"column":22},"end":{"line":54,"column":24}},{"start":{"line":54,"column":4},"end":{"line":54,"column":41}}]},"8":{"loc":{"start":{"line":54,"column":4},"end":{"line":54,"column":24}},"type":"binary-expr","locations":[{"start":{"line":54,"column":4},"end":{"line":54,"column":24}},{"start":{"line":54,"column":4},"end":{"line":54,"column":24}}]},"9":{"loc":{"start":{"line":63,"column":2},"end":{"line":63,"column":53}},"type":"default-arg","locations":[{"start":{"line":63,"column":12},"end":{"line":63,"column":53}}]},"10":{"loc":{"start":{"line":65,"column":2},"end":{"line":67,"column":3}},"type":"if","locations":[{"start":{"line":65,"column":2},"end":{"line":67,"column":3}}]},"11":{"loc":{"start":{"line":79,"column":2},"end":{"line":79,"column":58}},"type":"default-arg","locations":[{"start":{"line":79,"column":17},"end":{"line":79,"column":58}}]},"12":{"loc":{"start":{"line":95,"column":6},"end":{"line":102,"column":7}},"type":"if","locations":[{"start":{"line":95,"column":6},"end":{"line":102,"column":7}}]},"13":{"loc":{"start":{"line":96,"column":8},"end":{"line":96,"column":40}},"type":"cond-expr","locations":[{"start":{"line":96,"column":36},"end":{"line":96,"column":40}},{"start":{"line":96,"column":36},"end":{"line":96,"column":40}}]},"14":{"loc":{"start":{"line":96,"column":8},"end":{"line":96,"column":40}},"type":"binary-expr","locations":[{"start":{"line":96,"column":8},"end":{"line":96,"column":40}},{"start":{"line":96,"column":36},"end":{"line":96,"column":40}}]},"15":{"loc":{"start":{"line":109,"column":4},"end":{"line":111,"column":5}},"type":"if","locations":[{"start":{"line":109,"column":4},"end":{"line":111,"column":5}}]},"16":{"loc":{"start":{"line":123,"column":6},"end":{"line":123,"column":38}},"type":"cond-expr","locations":[{"start":{"line":123,"column":34},"end":{"line":123,"column":38}},{"start":{"line":123,"column":34},"end":{"line":123,"column":38}}]},"17":{"loc":{"start":{"line":123,"column":6},"end":{"line":123,"column":38}},"type":"binary-expr","locations":[{"start":{"line":123,"column":6},"end":{"line":123,"column":38}},{"start":{"line":123,"column":34},"end":{"line":123,"column":38}}]},"18":{"loc":{"start":{"line":132,"column":4},"end":{"line":134,"column":5}},"type":"if","locations":[{"start":{"line":132,"column":4},"end":{"line":134,"column":5}}]},"19":{"loc":{"start":{"line":136,"column":4},"end":{"line":138,"column":5}},"type":"if","locations":[{"start":{"line":136,"column":4},"end":{"line":138,"column":5}}]},"20":{"loc":{"start":{"line":140,"column":4},"end":{"line":142,"column":5}},"type":"if","locations":[{"start":{"line":140,"column":4},"end":{"line":142,"column":5}}]},"21":{"loc":{"start":{"line":155,"column":4},"end":{"line":157,"column":5}},"type":"if","locations":[{"start":{"line":155,"column":4},"end":{"line":157,"column":5}}]},"22":{"loc":{"start":{"line":155,"column":8},"end":{"line":155,"column":84}},"type":"binary-expr","locations":[{"start":{"line":155,"column":8},"end":{"line":155,"column":50}},{"start":{"line":155,"column":50},"end":{"line":155,"column":84}}]},"23":{"loc":{"start":{"line":155,"column":9},"end":{"line":155,"column":46}},"type":"cond-expr","locations":[{"start":{"line":155,"column":27},"end":{"line":155,"column":29}},{"start":{"line":155,"column":9},"end":{"line":155,"column":46}}]},"24":{"loc":{"start":{"line":155,"column":9},"end":{"line":155,"column":29}},"type":"binary-expr","locations":[{"start":{"line":155,"column":9},"end":{"line":155,"column":29}},{"start":{"line":155,"column":9},"end":{"line":155,"column":29}}]},"25":{"loc":{"start":{"line":171,"column":4},"end":{"line":173,"column":5}},"type":"if","locations":[{"start":{"line":171,"column":4},"end":{"line":173,"column":5}}]}},"s":{"0":1,"1":1,"2":1,"3":1,"4":1,"5":1,"6":0,"7":0,"8":0,"9":3,"10":3,"11":2,"12":2,"13":0,"14":0,"15":2,"16":1,"17":2,"18":1,"19":0,"20":0,"21":0,"22":0,"23":0,"24":0,"25":0,"26":0,"27":0,"28":0,"29":0,"30":0,"31":0,"32":0,"33":0,"34":0,"35":0,"36":0,"37":0,"38":0,"39":0,"40":0,"41":0,"42":0,"43":0,"44":0,"45":0,"46":0,"47":0,"48":0,"49":0,"50":0,"51":0,"52":0,"53":0,"54":0,"55":0,"56":0,"57":0,"58":0,"59":0,"60":0,"61":0,"62":0,"63":0,"64":0,"65":0,"66":0,"67":0,"68":0,"69":0,"70":0,"71":0},"f":{"0":0,"1":3,"2":2,"3":2,"4":0,"5":1,"6":1,"7":0,"8":0,"9":0,"10":0,"11":0,"12":0,"13":0,"14":0},"b":{"0":[0],"1":[3,1],"2":[1,2],"3":[3,2],"4":[0,1],"5":[1,1],"6":[2,1,1],"7":[0,2],"8":[2,2],"9":[0],"10":[0],"11":[0],"12":[0],"13":[0,0],"14":[0,0],"15":[0],"16":[0,0],"17":[0,0],"18":[0],"19":[0],"20":[0],"21":[0],"22":[0,0],"23":[0,0],"24":[0,0],"25":[0]}}
}
