{"/Users/macbookpro/Documents/git/mainframelineage/mainframe-lineage-viewer/src/lib/columnFieldLineage.ts": {"path":"/Users/macbookpro/Documents/git/mainframelineage/mainframe-lineage-viewer/src/lib/columnFieldLineage.ts","statementMap":{"0":{"start":{"line":5,"column":0},"end":{"line":5,"column":16}},"1":{"start":{"line":9,"column":0},"end":{"line":9,"column":16}},"2":{"start":{"line":22,"column":0},"end":{"line":22,"column":16}},"3":{"start":{"line":6,"column":2},"end":{"line":6,"column":35}},"4":{"start":{"line":10,"column":25},"end":{"line":10,"column":46}},"5":{"start":{"line":12,"column":2},"end":{"line":14,"column":3}},"6":{"start":{"line":13,"column":4},"end":{"line":13,"column":42}},"7":{"start":{"line":16,"column":2},"end":{"line":19,"column":4}},"8":{"start":{"line":25,"column":27},"end":{"line":25,"column":87}},"9":{"start":{"line":26,"column":26},"end":{"line":26,"column":53}},"10":{"start":{"line":27,"column":26},"end":{"line":27,"column":43}},"11":{"start":{"line":28,"column":26},"end":{"line":28,"column":43}},"12":{"start":{"line":29,"column":23},"end":{"line":29,"column":40}},"13":{"start":{"line":31,"column":2},"end":{"line":38,"column":3}},"14":{"start":{"line":32,"column":23},"end":{"line":32,"column":62}},"15":{"start":{"line":33,"column":4},"end":{"line":33,"column":51}},"16":{"start":{"line":35,"column":4},"end":{"line":37,"column":5}},"17":{"start":{"line":36,"column":6},"end":{"line":36,"column":68}},"18":{"start":{"line":40,"column":2},"end":{"line":55,"column":3}},"19":{"start":{"line":41,"column":22},"end":{"line":41,"column":79}},"20":{"start":{"line":42,"column":22},"end":{"line":42,"column":79}},"21":{"start":{"line":44,"column":4},"end":{"line":44,"column":32}},"22":{"start":{"line":45,"column":4},"end":{"line":45,"column":32}},"23":{"start":{"line":46,"column":4},"end":{"line":46,"column":35}},"24":{"start":{"line":47,"column":4},"end":{"line":47,"column":35}},"25":{"start":{"line":49,"column":29},"end":{"line":49,"column":59}},"26":{"start":{"line":50,"column":4},"end":{"line":54,"column":5}},"27":{"start":{"line":51,"column":6},"end":{"line":51,"column":39}},"28":{"start":{"line":53,"column":6},"end":{"line":53,"column":50}},"29":{"start":{"line":57,"column":16},"end":{"line":57,"column":59}},"30":{"start":{"line":58,"column":19},"end":{"line":58,"column":36}},"31":{"start":{"line":60,"column":24},"end":{"line":95,"column":3}},"32":{"start":{"line":61,"column":19},"end":{"line":61,"column":38}},"33":{"start":{"line":62,"column":4},"end":{"line":64,"column":5}},"34":{"start":{"line":63,"column":6},"end":{"line":63,"column":20}},"35":{"start":{"line":66,"column":4},"end":{"line":68,"column":5}},"36":{"start":{"line":67,"column":6},"end":{"line":67,"column":24}},"37":{"start":{"line":70,"column":4},"end":{"line":70,"column":27}},"38":{"start":{"line":72,"column":21},"end":{"line":72,"column":56}},"39":{"start":{"line":75,"column":4},"end":{"line":90,"column":5}},"40":{"start":{"line":76,"column":29},"end":{"line":76,"column":58}},"41":{"start":{"line":77,"column":19},"end":{"line":77,"column":51}},"42":{"start":{"line":79,"column":6},"end":{"line":85,"column":7}},"43":{"start":{"line":80,"column":8},"end":{"line":80,"column":36}},"44":{"start":{"line":81,"column":13},"end":{"line":85,"column":7}},"45":{"start":{"line":82,"column":8},"end":{"line":82,"column":36}},"46":{"start":{"line":84,"column":8},"end":{"line":84,"column":36}},"47":{"start":{"line":87,"column":6},"end":{"line":89,"column":21}},"48":{"start":{"line":87,"column":52},"end":{"line":87,"column":91}},"49":{"start":{"line":92,"column":4},"end":{"line":92,"column":30}},"50":{"start":{"line":93,"column":4},"end":{"line":93,"column":40}},"51":{"start":{"line":94,"column":4},"end":{"line":94,"column":26}},"52":{"start":{"line":97,"column":2},"end":{"line":99,"column":3}},"53":{"start":{"line":98,"column":4},"end":{"line":98,"column":28}},"54":{"start":{"line":101,"column":2},"end":{"line":101,"column":35}}},"fnMap":{"0":{"name":"buildColumnFieldKey","decl":{"start":{"line":5,"column":16},"end":{"line":5,"column":35}},"loc":{"start":{"line":5,"column":69},"end":{"line":7,"column":1}}},"1":{"name":"splitColumnFieldKey","decl":{"start":{"line":9,"column":16},"end":{"line":9,"column":35}},"loc":{"start":{"line":9,"column":47},"end":{"line":20,"column":1}}},"2":{"name":"computeColumnFieldLineageStatus","decl":{"start":{"line":22,"column":16},"end":{"line":22,"column":47}},"loc":{"start":{"line":23,"column":21},"end":{"line":102,"column":1}}},"3":{"name":"(anonymous_3)","decl":{"start":{"line":60,"column":24},"end":{"line":60,"column":25}},"loc":{"start":{"line":60,"column":71},"end":{"line":95,"column":3}}},"4":{"name":"(anonymous_4)","decl":{"start":{"line":87,"column":37},"end":{"line":87,"column":38}},"loc":{"start":{"line":87,"column":52},"end":{"line":87,"column":91}}}},"branchMap":{"0":{"loc":{"start":{"line":12,"column":2},"end":{"line":14,"column":3}},"type":"if","locations":[{"start":{"line":12,"column":2},"end":{"line":14,"column":3}}]},"1":{"loc":{"start":{"line":50,"column":4},"end":{"line":54,"column":5}},"type":"if","locations":[{"start":{"line":50,"column":4},"end":{"line":54,"column":5}},{"start":{"line":52,"column":11},"end":{"line":54,"column":5}}]},"2":{"loc":{"start":{"line":62,"column":4},"end":{"line":64,"column":5}},"type":"if","locations":[{"start":{"line":62,"column":4},"end":{"line":64,"column":5}}]},"3":{"loc":{"start":{"line":66,"column":4},"end":{"line":68,"column":5}},"type":"if","locations":[{"start":{"line":66,"column":4},"end":{"line":68,"column":5}}]},"4":{"loc":{"start":{"line":72,"column":21},"end":{"line":72,"column":56}},"type":"binary-expr","locations":[{"start":{"line":72,"column":21},"end":{"line":72,"column":50}},{"start":{"line":72,"column":54},"end":{"line":72,"column":56}}]},"5":{"loc":{"start":{"line":75,"column":4},"end":{"line":90,"column":5}},"type":"if","locations":[{"start":{"line":75,"column":4},"end":{"line":90,"column":5}},{"start":{"line":86,"column":11},"end":{"line":90,"column":5}}]},"6":{"loc":{"start":{"line":79,"column":6},"end":{"line":85,"column":7}},"type":"if","locations":[{"start":{"line":79,"column":6},"end":{"line":85,"column":7}},{"start":{"line":81,"column":13},"end":{"line":85,"column":7}}]},"7":{"loc":{"start":{"line":81,"column":13},"end":{"line":85,"column":7}},"type":"if","locations":[{"start":{"line":81,"column":13},"end":{"line":85,"column":7}},{"start":{"line":83,"column":13},"end":{"line":85,"column":7}}]},"8":{"loc":{"start":{"line":81,"column":17},"end":{"line":81,"column":89}},"type":"binary-expr","locations":[{"start":{"line":81,"column":17},"end":{"line":81,"column":22}},{"start":{"line":81,"column":26},"end":{"line":81,"column":55}},{"start":{"line":81,"column":59},"end":{"line":81,"column":89}}]},"9":{"loc":{"start":{"line":87,"column":23},"end":{"line":89,"column":20}},"type":"cond-expr","locations":[{"start":{"line":88,"column":10},"end":{"line":88,"column":20}},{"start":{"line":89,"column":10},"end":{"line":89,"column":20}}]}},"s":{"0":1,"1":1,"2":1,"3":289,"4":47,"5":47,"6":0,"7":47,"8":3,"9":3,"10":3,"11":3,"12":3,"13":3,"14":18,"15":18,"16":18,"17":115,"18":3,"19":87,"20":87,"21":87,"22":87,"23":87,"24":87,"25":87,"26":87,"27":19,"28":68,"29":3,"30":3,"31":3,"32":186,"33":186,"34":71,"35":115,"36":0,"37":115,"38":115,"39":115,"40":47,"41":47,"42":47,"43":37,"44":10,"45":0,"46":10,"47":68,"48":71,"49":115,"50":115,"51":115,"52":3,"53":115,"54":3},"f":{"0":289,"1":47,"2":3,"3":186,"4":71},"b":{"0":[0],"1":[19,68],"2":[71],"3":[0],"4":[115,47],"5":[47,68],"6":[37,10],"7":[0,10],"8":[10,0,0],"9":[61,7]}}
,"/Users/macbookpro/Documents/git/mainframelineage/mainframe-lineage-viewer/src/lib/mainframe/parseCanonicalBundle.ts": {"path":"/Users/macbookpro/Documents/git/mainframelineage/mainframe-lineage-viewer/src/lib/mainframe/parseCanonicalBundle.ts","statementMap":{"0":{"start":{"line":99,"column":0},"end":{"line":99,"column":16}},"1":{"start":{"line":11,"column":0},"end":{"line":11,"column":null}},"2":{"start":{"line":100,"column":19},"end":{"line":106,"column":5}},"3":{"start":{"line":100,"column":61},"end":{"line":106,"column":4}},"4":{"start":{"line":107,"column":24},"end":{"line":114,"column":5}},"5":{"start":{"line":107,"column":71},"end":{"line":114,"column":4}},"6":{"start":{"line":115,"column":25},"end":{"line":124,"column":5}},"7":{"start":{"line":115,"column":73},"end":{"line":124,"column":4}},"8":{"start":{"line":125,"column":25},"end":{"line":134,"column":5}},"9":{"start":{"line":125,"column":73},"end":{"line":134,"column":4}},"10":{"start":{"line":135,"column":16},"end":{"line":146,"column":5}},"11":{"start":{"line":135,"column":61},"end":{"line":146,"column":4}},"12":{"start":{"line":147,"column":20},"end":{"line":154,"column":5}},"13":{"start":{"line":147,"column":69},"end":{"line":154,"column":4}},"14":{"start":{"line":155,"column":19},"end":{"line":163,"column":5}},"15":{"start":{"line":155,"column":67},"end":{"line":163,"column":4}},"16":{"start":{"line":165,"column":21},"end":{"line":165,"column":55}},"17":{"start":{"line":166,"column":2},"end":{"line":166,"column":73}},"18":{"start":{"line":166,"column":31},"end":{"line":166,"column":71}},"19":{"start":{"line":168,"column":27},"end":{"line":168,"column":59}},"20":{"start":{"line":169,"column":2},"end":{"line":178,"column":5}},"21":{"start":{"line":170,"column":4},"end":{"line":172,"column":5}},"22":{"start":{"line":171,"column":6},"end":{"line":171,"column":49}},"23":{"start":{"line":173,"column":4},"end":{"line":177,"column":7}},"24":{"start":{"line":180,"column":19},"end":{"line":180,"column":51}},"25":{"start":{"line":181,"column":2},"end":{"line":181,"column":69}},"26":{"start":{"line":181,"column":35},"end":{"line":181,"column":67}},"27":{"start":{"line":183,"column":22},"end":{"line":183,"column":54}},"28":{"start":{"line":184,"column":24},"end":{"line":184,"column":41}},"29":{"start":{"line":185,"column":25},"end":{"line":185,"column":42}},"30":{"start":{"line":186,"column":31},"end":{"line":186,"column":67}},"31":{"start":{"line":187,"column":19},"end":{"line":187,"column":47}},"32":{"start":{"line":188,"column":23},"end":{"line":188,"column":40}},"33":{"start":{"line":189,"column":84},"end":{"line":189,"column":86}},"34":{"start":{"line":190,"column":24},"end":{"line":190,"column":60}},"35":{"start":{"line":191,"column":19},"end":{"line":191,"column":92}},"36":{"start":{"line":191,"column":70},"end":{"line":191,"column":90}},"37":{"start":{"line":192,"column":24},"end":{"line":203,"column":null}},"38":{"start":{"line":193,"column":32},"end":{"line":203,"column":6}},"39":{"start":{"line":205,"column":28},"end":{"line":205,"column":63}},"40":{"start":{"line":206,"column":30},"end":{"line":206,"column":118}},"41":{"start":{"line":206,"column":86},"end":{"line":206,"column":117}},"42":{"start":{"line":207,"column":24},"end":{"line":207,"column":73}},"43":{"start":{"line":209,"column":2},"end":{"line":225,"column":5}},"44":{"start":{"line":210,"column":43},"end":{"line":219,"column":6}},"45":{"start":{"line":220,"column":16},"end":{"line":220,"column":58}},"46":{"start":{"line":221,"column":4},"end":{"line":223,"column":5}},"47":{"start":{"line":222,"column":6},"end":{"line":222,"column":37}},"48":{"start":{"line":224,"column":4},"end":{"line":224,"column":53}},"49":{"start":{"line":228,"column":19},"end":{"line":234,"column":6}},"50":{"start":{"line":235,"column":16},"end":{"line":235,"column":34}},"51":{"start":{"line":237,"column":4},"end":{"line":250,"column":5}},"52":{"start":{"line":238,"column":6},"end":{"line":249,"column":9}},"53":{"start":{"line":252,"column":4},"end":{"line":252,"column":33}},"54":{"start":{"line":256,"column":17},"end":{"line":256,"column":37}},"55":{"start":{"line":257,"column":21},"end":{"line":257,"column":46}},"56":{"start":{"line":258,"column":24},"end":{"line":258,"column":64}},"57":{"start":{"line":259,"column":20},"end":{"line":259,"column":64}},"58":{"start":{"line":261,"column":4},"end":{"line":263,"column":5}},"59":{"start":{"line":262,"column":6},"end":{"line":262,"column":71}},"60":{"start":{"line":264,"column":4},"end":{"line":266,"column":5}},"61":{"start":{"line":265,"column":6},"end":{"line":265,"column":80}},"62":{"start":{"line":267,"column":4},"end":{"line":269,"column":5}},"63":{"start":{"line":268,"column":6},"end":{"line":268,"column":62}},"64":{"start":{"line":272,"column":2},"end":{"line":314,"column":5}},"65":{"start":{"line":273,"column":25},"end":{"line":273,"column":65}},"66":{"start":{"line":274,"column":25},"end":{"line":274,"column":65}},"67":{"start":{"line":275,"column":4},"end":{"line":277,"column":5}},"68":{"start":{"line":276,"column":6},"end":{"line":276,"column":13}},"69":{"start":{"line":279,"column":26},"end":{"line":279,"column":63}},"70":{"start":{"line":280,"column":26},"end":{"line":280,"column":63}},"71":{"start":{"line":281,"column":17},"end":{"line":281,"column":46}},"72":{"start":{"line":283,"column":22},"end":{"line":283,"column":73}},"73":{"start":{"line":284,"column":22},"end":{"line":284,"column":73}},"74":{"start":{"line":285,"column":19},"end":{"line":285,"column":64}},"75":{"start":{"line":287,"column":4},"end":{"line":287,"column":33}},"76":{"start":{"line":288,"column":4},"end":{"line":288,"column":34}},"77":{"start":{"line":289,"column":4},"end":{"line":289,"column":45}},"78":{"start":{"line":290,"column":4},"end":{"line":290,"column":45}},"79":{"start":{"line":292,"column":44},"end":{"line":295,"column":null}},"80":{"start":{"line":298,"column":4},"end":{"line":309,"column":7}},"81":{"start":{"line":311,"column":23},"end":{"line":311,"column":79}},"82":{"start":{"line":312,"column":4},"end":{"line":312,"column":92}},"83":{"start":{"line":313,"column":4},"end":{"line":313,"column":92}},"84":{"start":{"line":316,"column":2},"end":{"line":354,"column":7}},"85":{"start":{"line":318,"column":27},"end":{"line":318,"column":64}},"86":{"start":{"line":319,"column":6},"end":{"line":321,"column":7}},"87":{"start":{"line":320,"column":8},"end":{"line":320,"column":15}},"88":{"start":{"line":323,"column":22},"end":{"line":323,"column":59}},"89":{"start":{"line":324,"column":6},"end":{"line":324,"column":47}},"90":{"start":{"line":325,"column":23},"end":{"line":325,"column":90}},"91":{"start":{"line":326,"column":6},"end":{"line":328,"column":7}},"92":{"start":{"line":327,"column":8},"end":{"line":327,"column":40}},"93":{"start":{"line":329,"column":19},"end":{"line":329,"column":45}},"94":{"start":{"line":330,"column":27},"end":{"line":333,"column":8}},"95":{"start":{"line":334,"column":43},"end":{"line":337,"column":null}},"96":{"start":{"line":339,"column":6},"end":{"line":353,"column":9}},"97":{"start":{"line":356,"column":2},"end":{"line":414,"column":7}},"98":{"start":{"line":357,"column":22},"end":{"line":357,"column":107}},"99":{"start":{"line":359,"column":27},"end":{"line":359,"column":64}},"100":{"start":{"line":360,"column":6},"end":{"line":362,"column":7}},"101":{"start":{"line":361,"column":8},"end":{"line":361,"column":15}},"102":{"start":{"line":364,"column":30},"end":{"line":369,"column":8}},"103":{"start":{"line":371,"column":28},"end":{"line":371,"column":65}},"104":{"start":{"line":372,"column":26},"end":{"line":372,"column":86}},"105":{"start":{"line":373,"column":24},"end":{"line":373,"column":79}},"106":{"start":{"line":374,"column":24},"end":{"line":374,"column":75}},"107":{"start":{"line":375,"column":21},"end":{"line":375,"column":46}},"108":{"start":{"line":377,"column":6},"end":{"line":383,"column":7}},"109":{"start":{"line":377,"column":50},"end":{"line":377,"column":76}},"110":{"start":{"line":378,"column":8},"end":{"line":382,"column":11}},"111":{"start":{"line":385,"column":6},"end":{"line":385,"column":35}},"112":{"start":{"line":386,"column":6},"end":{"line":386,"column":36}},"113":{"start":{"line":387,"column":6},"end":{"line":387,"column":49}},"114":{"start":{"line":388,"column":6},"end":{"line":388,"column":47}},"115":{"start":{"line":390,"column":6},"end":{"line":409,"column":9}},"116":{"start":{"line":411,"column":25},"end":{"line":411,"column":81}},"117":{"start":{"line":412,"column":6},"end":{"line":412,"column":94}},"118":{"start":{"line":413,"column":6},"end":{"line":413,"column":94}},"119":{"start":{"line":416,"column":29},"end":{"line":416,"column":70}},"120":{"start":{"line":418,"column":19},"end":{"line":438,"column":4}},"121":{"start":{"line":419,"column":16},"end":{"line":419,"column":55}},"122":{"start":{"line":420,"column":20},"end":{"line":420,"column":42}},"123":{"start":{"line":421,"column":21},"end":{"line":421,"column":44}},"124":{"start":{"line":423,"column":4},"end":{"line":431,"column":5}},"125":{"start":{"line":424,"column":6},"end":{"line":424,"column":36}},"126":{"start":{"line":425,"column":11},"end":{"line":431,"column":5}},"127":{"start":{"line":426,"column":6},"end":{"line":426,"column":30}},"128":{"start":{"line":427,"column":11},"end":{"line":431,"column":5}},"129":{"start":{"line":428,"column":6},"end":{"line":428,"column":30}},"130":{"start":{"line":430,"column":6},"end":{"line":430,"column":36}},"131":{"start":{"line":433,"column":4},"end":{"line":433,"column":78}},"132":{"start":{"line":433,"column":41},"end":{"line":433,"column":76}},"133":{"start":{"line":434,"column":4},"end":{"line":434,"column":75}},"134":{"start":{"line":435,"column":4},"end":{"line":435,"column":81}},"135":{"start":{"line":436,"column":4},"end":{"line":436,"column":67}},"136":{"start":{"line":437,"column":4},"end":{"line":437,"column":19}},"137":{"start":{"line":440,"column":2},"end":{"line":457,"column":4}},"138":{"start":{"line":464,"column":14},"end":{"line":471,"column":14}},"139":{"start":{"line":473,"column":2},"end":{"line":475,"column":3}},"140":{"start":{"line":474,"column":4},"end":{"line":474,"column":27}},"141":{"start":{"line":484,"column":15},"end":{"line":484,"column":35}},"142":{"start":{"line":485,"column":21},"end":{"line":485,"column":65}},"143":{"start":{"line":487,"column":2},"end":{"line":505,"column":3}},"144":{"start":{"line":488,"column":4},"end":{"line":504,"column":7}},"145":{"start":{"line":507,"column":2},"end":{"line":507,"column":20}},"146":{"start":{"line":517,"column":14},"end":{"line":517,"column":36}},"147":{"start":{"line":518,"column":2},"end":{"line":521,"column":3}},"148":{"start":{"line":519,"column":4},"end":{"line":519,"column":21}},"149":{"start":{"line":520,"column":4},"end":{"line":520,"column":40}},"150":{"start":{"line":525,"column":22},"end":{"line":525,"column":84}},"151":{"start":{"line":526,"column":23},"end":{"line":526,"column":78}},"152":{"start":{"line":527,"column":2},"end":{"line":527,"column":46}},"153":{"start":{"line":531,"column":2},"end":{"line":531,"column":71}},"154":{"start":{"line":535,"column":21},"end":{"line":535,"column":55}},"155":{"start":{"line":536,"column":2},"end":{"line":538,"column":3}},"156":{"start":{"line":537,"column":4},"end":{"line":537,"column":29}},"157":{"start":{"line":539,"column":2},"end":{"line":541,"column":3}},"158":{"start":{"line":540,"column":4},"end":{"line":540,"column":34}},"159":{"start":{"line":542,"column":2},"end":{"line":542,"column":31}},"160":{"start":{"line":546,"column":16},"end":{"line":546,"column":59}},"161":{"start":{"line":547,"column":2},"end":{"line":547,"column":31}},"162":{"start":{"line":554,"column":24},"end":{"line":554,"column":92}},"163":{"start":{"line":554,"column":62},"end":{"line":554,"column":75}},"164":{"start":{"line":555,"column":2},"end":{"line":557,"column":3}},"165":{"start":{"line":556,"column":4},"end":{"line":556,"column":46}},"166":{"start":{"line":559,"column":2},"end":{"line":559,"column":79}},"167":{"start":{"line":559,"column":48},"end":{"line":559,"column":59}},"168":{"start":{"line":566,"column":2},"end":{"line":568,"column":3}},"169":{"start":{"line":567,"column":4},"end":{"line":567,"column":28}},"170":{"start":{"line":570,"column":2},"end":{"line":572,"column":3}},"171":{"start":{"line":571,"column":4},"end":{"line":571,"column":23}},"172":{"start":{"line":574,"column":2},"end":{"line":574,"column":42}},"173":{"start":{"line":582,"column":18},"end":{"line":582,"column":79}},"174":{"start":{"line":583,"column":2},"end":{"line":583,"column":33}},"175":{"start":{"line":587,"column":2},"end":{"line":589,"column":3}},"176":{"start":{"line":588,"column":4},"end":{"line":588,"column":24}},"177":{"start":{"line":590,"column":2},"end":{"line":592,"column":3}},"178":{"start":{"line":591,"column":4},"end":{"line":591,"column":19}},"179":{"start":{"line":593,"column":2},"end":{"line":593,"column":62}},"180":{"start":{"line":597,"column":27},"end":{"line":597,"column":29}},"181":{"start":{"line":598,"column":16},"end":{"line":598,"column":18}},"182":{"start":{"line":599,"column":22},"end":{"line":599,"column":24}},"183":{"start":{"line":600,"column":21},"end":{"line":600,"column":26}},"184":{"start":{"line":602,"column":2},"end":{"line":634,"column":3}},"185":{"start":{"line":602,"column":19},"end":{"line":602,"column":20}},"186":{"start":{"line":603,"column":17},"end":{"line":603,"column":28}},"187":{"start":{"line":604,"column":17},"end":{"line":604,"column":32}},"188":{"start":{"line":606,"column":4},"end":{"line":614,"column":5}},"189":{"start":{"line":607,"column":6},"end":{"line":612,"column":7}},"190":{"start":{"line":608,"column":8},"end":{"line":608,"column":23}},"191":{"start":{"line":609,"column":8},"end":{"line":609,"column":19}},"192":{"start":{"line":611,"column":8},"end":{"line":611,"column":37}},"193":{"start":{"line":613,"column":6},"end":{"line":613,"column":15}},"194":{"start":{"line":616,"column":4},"end":{"line":620,"column":5}},"195":{"start":{"line":617,"column":6},"end":{"line":617,"column":24}},"196":{"start":{"line":618,"column":6},"end":{"line":618,"column":19}},"197":{"start":{"line":619,"column":6},"end":{"line":619,"column":15}},"198":{"start":{"line":622,"column":4},"end":{"line":631,"column":5}},"199":{"start":{"line":623,"column":6},"end":{"line":625,"column":7}},"200":{"start":{"line":624,"column":8},"end":{"line":624,"column":19}},"201":{"start":{"line":626,"column":6},"end":{"line":626,"column":24}},"202":{"start":{"line":627,"column":6},"end":{"line":627,"column":21}},"203":{"start":{"line":628,"column":6},"end":{"line":628,"column":15}},"204":{"start":{"line":629,"column":6},"end":{"line":629,"column":19}},"205":{"start":{"line":630,"column":6},"end":{"line":630,"column":15}},"206":{"start":{"line":633,"column":4},"end":{"line":633,"column":20}},"207":{"start":{"line":636,"column":2},"end":{"line":639,"column":3}},"208":{"start":{"line":637,"column":4},"end":{"line":637,"column":22}},"209":{"start":{"line":638,"column":4},"end":{"line":638,"column":19}},"210":{"start":{"line":641,"column":29},"end":{"line":641,"column":86}},"211":{"start":{"line":641,"column":51},"end":{"line":641,"column":85}},"212":{"start":{"line":641,"column":72},"end":{"line":641,"column":84}},"213":{"start":{"line":642,"column":2},"end":{"line":644,"column":3}},"214":{"start":{"line":643,"column":4},"end":{"line":643,"column":14}},"215":{"start":{"line":646,"column":2},"end":{"line":652,"column":5}},"216":{"start":{"line":647,"column":30},"end":{"line":647,"column":32}},"217":{"start":{"line":648,"column":4},"end":{"line":650,"column":7}},"218":{"start":{"line":649,"column":6},"end":{"line":649,"column":42}},"219":{"start":{"line":651,"column":4},"end":{"line":651,"column":18}}},"fnMap":{"0":{"name":"parseCanonicalBundle","decl":{"start":{"line":99,"column":16},"end":{"line":99,"column":36}},"loc":{"start":{"line":99,"column":64},"end":{"line":458,"column":1}}},"1":{"name":"(anonymous_1)","decl":{"start":{"line":100,"column":48},"end":{"line":100,"column":49}},"loc":{"start":{"line":100,"column":61},"end":{"line":106,"column":4}}},"2":{"name":"(anonymous_2)","decl":{"start":{"line":107,"column":58},"end":{"line":107,"column":59}},"loc":{"start":{"line":107,"column":71},"end":{"line":114,"column":4}}},"3":{"name":"(anonymous_3)","decl":{"start":{"line":115,"column":60},"end":{"line":115,"column":61}},"loc":{"start":{"line":115,"column":73},"end":{"line":124,"column":4}}},"4":{"name":"(anonymous_4)","decl":{"start":{"line":125,"column":60},"end":{"line":125,"column":61}},"loc":{"start":{"line":125,"column":73},"end":{"line":134,"column":4}}},"5":{"name":"(anonymous_5)","decl":{"start":{"line":135,"column":48},"end":{"line":135,"column":49}},"loc":{"start":{"line":135,"column":61},"end":{"line":146,"column":4}}},"6":{"name":"(anonymous_6)","decl":{"start":{"line":147,"column":56},"end":{"line":147,"column":57}},"loc":{"start":{"line":147,"column":69},"end":{"line":154,"column":4}}},"7":{"name":"(anonymous_7)","decl":{"start":{"line":155,"column":54},"end":{"line":155,"column":55}},"loc":{"start":{"line":155,"column":67},"end":{"line":163,"column":4}}},"8":{"name":"(anonymous_8)","decl":{"start":{"line":166,"column":19},"end":{"line":166,"column":20}},"loc":{"start":{"line":166,"column":31},"end":{"line":166,"column":71}}},"9":{"name":"(anonymous_9)","decl":{"start":{"line":169,"column":24},"end":{"line":169,"column":25}},"loc":{"start":{"line":169,"column":35},"end":{"line":178,"column":3}}},"10":{"name":"(anonymous_10)","decl":{"start":{"line":181,"column":25},"end":{"line":181,"column":26}},"loc":{"start":{"line":181,"column":35},"end":{"line":181,"column":67}}},"11":{"name":"(anonymous_11)","decl":{"start":{"line":191,"column":60},"end":{"line":191,"column":61}},"loc":{"start":{"line":191,"column":70},"end":{"line":191,"column":90}}},"12":{"name":"(anonymous_12)","decl":{"start":{"line":193,"column":18},"end":{"line":193,"column":19}},"loc":{"start":{"line":193,"column":32},"end":{"line":203,"column":6}}},"13":{"name":"(anonymous_13)","decl":{"start":{"line":206,"column":72},"end":{"line":206,"column":73}},"loc":{"start":{"line":206,"column":86},"end":{"line":206,"column":117}}},"14":{"name":"(anonymous_14)","decl":{"start":{"line":209,"column":19},"end":{"line":209,"column":20}},"loc":{"start":{"line":209,"column":28},"end":{"line":225,"column":3}}},"15":{"name":"ensureDataset","decl":{"start":{"line":227,"column":11},"end":{"line":227,"column":24}},"loc":{"start":{"line":227,"column":78},"end":{"line":253,"column":3}}},"16":{"name":"addDatasetContext","decl":{"start":{"line":255,"column":11},"end":{"line":255,"column":28}},"loc":{"start":{"line":255,"column":67},"end":{"line":270,"column":3}}},"17":{"name":"(anonymous_17)","decl":{"start":{"line":272,"column":25},"end":{"line":272,"column":26}},"loc":{"start":{"line":272,"column":37},"end":{"line":314,"column":3}}},"18":{"name":"(anonymous_18)","decl":{"start":{"line":317,"column":13},"end":{"line":317,"column":14}},"loc":{"start":{"line":317,"column":22},"end":{"line":354,"column":5}}},"19":{"name":"(anonymous_19)","decl":{"start":{"line":357,"column":12},"end":{"line":357,"column":13}},"loc":{"start":{"line":357,"column":22},"end":{"line":357,"column":107}}},"20":{"name":"(anonymous_20)","decl":{"start":{"line":358,"column":13},"end":{"line":358,"column":14}},"loc":{"start":{"line":358,"column":22},"end":{"line":414,"column":5}}},"21":{"name":"(anonymous_21)","decl":{"start":{"line":377,"column":39},"end":{"line":377,"column":40}},"loc":{"start":{"line":377,"column":50},"end":{"line":377,"column":76}}},"22":{"name":"(anonymous_22)","decl":{"start":{"line":418,"column":56},"end":{"line":418,"column":57}},"loc":{"start":{"line":418,"column":68},"end":{"line":438,"column":3}}},"23":{"name":"(anonymous_23)","decl":{"start":{"line":433,"column":24},"end":{"line":433,"column":25}},"loc":{"start":{"line":433,"column":41},"end":{"line":433,"column":76}}},"24":{"name":"addColumnLineageEdge","decl":{"start":{"line":460,"column":9},"end":{"line":460,"column":29}},"loc":{"start":{"line":462,"column":25},"end":{"line":476,"column":1}}},"25":{"name":"ensureStepJob","decl":{"start":{"line":478,"column":9},"end":{"line":478,"column":22}},"loc":{"start":{"line":482,"column":16},"end":{"line":508,"column":1}}},"26":{"name":"addTableLineageEdge","decl":{"start":{"line":510,"column":9},"end":{"line":510,"column":28}},"loc":{"start":{"line":515,"column":13},"end":{"line":522,"column":1}}},"27":{"name":"buildFieldType","decl":{"start":{"line":524,"column":9},"end":{"line":524,"column":23}},"loc":{"start":{"line":524,"column":47},"end":{"line":528,"column":1}}},"28":{"name":"datasetKey","decl":{"start":{"line":530,"column":9},"end":{"line":530,"column":19}},"loc":{"start":{"line":530,"column":43},"end":{"line":532,"column":1}}},"29":{"name":"normalizeNamespace","decl":{"start":{"line":534,"column":9},"end":{"line":534,"column":27}},"loc":{"start":{"line":534,"column":42},"end":{"line":543,"column":1}}},"30":{"name":"extractLiteral","decl":{"start":{"line":545,"column":9},"end":{"line":545,"column":23}},"loc":{"start":{"line":545,"column":42},"end":{"line":548,"column":1}}},"31":{"name":"resolveBundleJclNames","decl":{"start":{"line":550,"column":9},"end":{"line":550,"column":30}},"loc":{"start":{"line":552,"column":24},"end":{"line":560,"column":1}}},"32":{"name":"(anonymous_32)","decl":{"start":{"line":554,"column":48},"end":{"line":554,"column":49}},"loc":{"start":{"line":554,"column":62},"end":{"line":554,"column":75}}},"33":{"name":"(anonymous_33)","decl":{"start":{"line":559,"column":38},"end":{"line":559,"column":39}},"loc":{"start":{"line":559,"column":48},"end":{"line":559,"column":59}}},"34":{"name":"resolveCanonicalJclName","decl":{"start":{"line":562,"column":9},"end":{"line":562,"column":32}},"loc":{"start":{"line":564,"column":25},"end":{"line":575,"column":1}}},"35":{"name":"buildStepJobKey","decl":{"start":{"line":577,"column":9},"end":{"line":577,"column":24}},"loc":{"start":{"line":580,"column":16},"end":{"line":584,"column":1}}},"36":{"name":"addUnique","decl":{"start":{"line":586,"column":9},"end":{"line":586,"column":18}},"loc":{"start":{"line":586,"column":74},"end":{"line":594,"column":1}}},"37":{"name":"parseCsv","decl":{"start":{"line":596,"column":9},"end":{"line":596,"column":17}},"loc":{"start":{"line":596,"column":30},"end":{"line":653,"column":1}}},"38":{"name":"(anonymous_38)","decl":{"start":{"line":641,"column":41},"end":{"line":641,"column":42}},"loc":{"start":{"line":641,"column":51},"end":{"line":641,"column":85}}},"39":{"name":"(anonymous_39)","decl":{"start":{"line":641,"column":61},"end":{"line":641,"column":62}},"loc":{"start":{"line":641,"column":72},"end":{"line":641,"column":84}}},"40":{"name":"(anonymous_40)","decl":{"start":{"line":646,"column":18},"end":{"line":646,"column":19}},"loc":{"start":{"line":646,"column":28},"end":{"line":652,"column":3}}},"41":{"name":"(anonymous_41)","decl":{"start":{"line":648,"column":20},"end":{"line":648,"column":21}},"loc":{"start":{"line":648,"column":38},"end":{"line":650,"column":5}}}},"branchMap":{"0":{"loc":{"start":{"line":101,"column":15},"end":{"line":101,"column":37}},"type":"binary-expr","locations":[{"start":{"line":101,"column":15},"end":{"line":101,"column":31}},{"start":{"line":101,"column":35},"end":{"line":101,"column":37}}]},"1":{"loc":{"start":{"line":102,"column":17},"end":{"line":102,"column":41}},"type":"binary-expr","locations":[{"start":{"line":102,"column":17},"end":{"line":102,"column":35}},{"start":{"line":102,"column":39},"end":{"line":102,"column":41}}]},"2":{"loc":{"start":{"line":103,"column":17},"end":{"line":103,"column":41}},"type":"binary-expr","locations":[{"start":{"line":103,"column":17},"end":{"line":103,"column":35}},{"start":{"line":103,"column":39},"end":{"line":103,"column":41}}]},"3":{"loc":{"start":{"line":104,"column":12},"end":{"line":104,"column":31}},"type":"binary-expr","locations":[{"start":{"line":104,"column":12},"end":{"line":104,"column":25}},{"start":{"line":104,"column":29},"end":{"line":104,"column":31}}]},"4":{"loc":{"start":{"line":105,"column":11},"end":{"line":105,"column":29}},"type":"binary-expr","locations":[{"start":{"line":105,"column":11},"end":{"line":105,"column":23}},{"start":{"line":105,"column":27},"end":{"line":105,"column":29}}]},"5":{"loc":{"start":{"line":108,"column":15},"end":{"line":108,"column":37}},"type":"binary-expr","locations":[{"start":{"line":108,"column":15},"end":{"line":108,"column":31}},{"start":{"line":108,"column":35},"end":{"line":108,"column":37}}]},"6":{"loc":{"start":{"line":109,"column":17},"end":{"line":109,"column":41}},"type":"binary-expr","locations":[{"start":{"line":109,"column":17},"end":{"line":109,"column":35}},{"start":{"line":109,"column":39},"end":{"line":109,"column":41}}]},"7":{"loc":{"start":{"line":110,"column":15},"end":{"line":110,"column":37}},"type":"binary-expr","locations":[{"start":{"line":110,"column":15},"end":{"line":110,"column":31}},{"start":{"line":110,"column":35},"end":{"line":110,"column":37}}]},"8":{"loc":{"start":{"line":111,"column":12},"end":{"line":111,"column":31}},"type":"binary-expr","locations":[{"start":{"line":111,"column":12},"end":{"line":111,"column":25}},{"start":{"line":111,"column":29},"end":{"line":111,"column":31}}]},"9":{"loc":{"start":{"line":112,"column":11},"end":{"line":112,"column":29}},"type":"binary-expr","locations":[{"start":{"line":112,"column":11},"end":{"line":112,"column":23}},{"start":{"line":112,"column":27},"end":{"line":112,"column":29}}]},"10":{"loc":{"start":{"line":113,"column":23},"end":{"line":113,"column":53}},"type":"binary-expr","locations":[{"start":{"line":113,"column":23},"end":{"line":113,"column":47}},{"start":{"line":113,"column":51},"end":{"line":113,"column":53}}]},"11":{"loc":{"start":{"line":116,"column":16},"end":{"line":116,"column":39}},"type":"binary-expr","locations":[{"start":{"line":116,"column":16},"end":{"line":116,"column":33}},{"start":{"line":116,"column":37},"end":{"line":116,"column":39}}]},"12":{"loc":{"start":{"line":117,"column":13},"end":{"line":117,"column":33}},"type":"binary-expr","locations":[{"start":{"line":117,"column":13},"end":{"line":117,"column":27}},{"start":{"line":117,"column":31},"end":{"line":117,"column":33}}]},"13":{"loc":{"start":{"line":118,"column":22},"end":{"line":118,"column":51}},"type":"binary-expr","locations":[{"start":{"line":118,"column":22},"end":{"line":118,"column":45}},{"start":{"line":118,"column":49},"end":{"line":118,"column":51}}]},"14":{"loc":{"start":{"line":119,"column":24},"end":{"line":119,"column":55}},"type":"binary-expr","locations":[{"start":{"line":119,"column":24},"end":{"line":119,"column":49}},{"start":{"line":119,"column":53},"end":{"line":119,"column":55}}]},"15":{"loc":{"start":{"line":120,"column":22},"end":{"line":120,"column":51}},"type":"binary-expr","locations":[{"start":{"line":120,"column":22},"end":{"line":120,"column":45}},{"start":{"line":120,"column":49},"end":{"line":120,"column":51}}]},"16":{"loc":{"start":{"line":121,"column":24},"end":{"line":121,"column":55}},"type":"binary-expr","locations":[{"start":{"line":121,"column":24},"end":{"line":121,"column":49}},{"start":{"line":121,"column":53},"end":{"line":121,"column":55}}]},"17":{"loc":{"start":{"line":122,"column":13},"end":{"line":122,"column":33}},"type":"binary-expr","locations":[{"start":{"line":122,"column":13},"end":{"line":122,"column":27}},{"start":{"line":122,"column":31},"end":{"line":122,"column":33}}]},"18":{"loc":{"start":{"line":123,"column":16},"end":{"line":123,"column":39}},"type":"binary-expr","locations":[{"start":{"line":123,"column":16},"end":{"line":123,"column":33}},{"start":{"line":123,"column":37},"end":{"line":123,"column":39}}]},"19":{"loc":{"start":{"line":126,"column":13},"end":{"line":126,"column":33}},"type":"binary-expr","locations":[{"start":{"line":126,"column":13},"end":{"line":126,"column":27}},{"start":{"line":126,"column":31},"end":{"line":126,"column":33}}]},"20":{"loc":{"start":{"line":127,"column":13},"end":{"line":127,"column":33}},"type":"binary-expr","locations":[{"start":{"line":127,"column":13},"end":{"line":127,"column":27}},{"start":{"line":127,"column":31},"end":{"line":127,"column":33}}]},"21":{"loc":{"start":{"line":128,"column":15},"end":{"line":128,"column":37}},"type":"binary-expr","locations":[{"start":{"line":128,"column":15},"end":{"line":128,"column":31}},{"start":{"line":128,"column":35},"end":{"line":128,"column":37}}]},"22":{"loc":{"start":{"line":129,"column":18},"end":{"line":129,"column":43}},"type":"binary-expr","locations":[{"start":{"line":129,"column":18},"end":{"line":129,"column":37}},{"start":{"line":129,"column":41},"end":{"line":129,"column":43}}]},"23":{"loc":{"start":{"line":130,"column":22},"end":{"line":130,"column":51}},"type":"binary-expr","locations":[{"start":{"line":130,"column":22},"end":{"line":130,"column":45}},{"start":{"line":130,"column":49},"end":{"line":130,"column":51}}]},"24":{"loc":{"start":{"line":131,"column":24},"end":{"line":131,"column":55}},"type":"binary-expr","locations":[{"start":{"line":131,"column":24},"end":{"line":131,"column":49}},{"start":{"line":131,"column":53},"end":{"line":131,"column":55}}]},"25":{"loc":{"start":{"line":132,"column":16},"end":{"line":132,"column":39}},"type":"binary-expr","locations":[{"start":{"line":132,"column":16},"end":{"line":132,"column":33}},{"start":{"line":132,"column":37},"end":{"line":132,"column":39}}]},"26":{"loc":{"start":{"line":133,"column":17},"end":{"line":133,"column":41}},"type":"binary-expr","locations":[{"start":{"line":133,"column":17},"end":{"line":133,"column":35}},{"start":{"line":133,"column":39},"end":{"line":133,"column":41}}]},"27":{"loc":{"start":{"line":135,"column":25},"end":{"line":135,"column":42}},"type":"binary-expr","locations":[{"start":{"line":135,"column":25},"end":{"line":135,"column":36}},{"start":{"line":135,"column":40},"end":{"line":135,"column":42}}]},"28":{"loc":{"start":{"line":136,"column":13},"end":{"line":136,"column":33}},"type":"binary-expr","locations":[{"start":{"line":136,"column":13},"end":{"line":136,"column":27}},{"start":{"line":136,"column":31},"end":{"line":136,"column":33}}]},"29":{"loc":{"start":{"line":137,"column":12},"end":{"line":137,"column":31}},"type":"binary-expr","locations":[{"start":{"line":137,"column":12},"end":{"line":137,"column":25}},{"start":{"line":137,"column":29},"end":{"line":137,"column":31}}]},"30":{"loc":{"start":{"line":138,"column":15},"end":{"line":138,"column":37}},"type":"binary-expr","locations":[{"start":{"line":138,"column":15},"end":{"line":138,"column":31}},{"start":{"line":138,"column":35},"end":{"line":138,"column":37}}]},"31":{"loc":{"start":{"line":139,"column":14},"end":{"line":139,"column":35}},"type":"binary-expr","locations":[{"start":{"line":139,"column":14},"end":{"line":139,"column":29}},{"start":{"line":139,"column":33},"end":{"line":139,"column":35}}]},"32":{"loc":{"start":{"line":140,"column":18},"end":{"line":140,"column":43}},"type":"binary-expr","locations":[{"start":{"line":140,"column":18},"end":{"line":140,"column":37}},{"start":{"line":140,"column":41},"end":{"line":140,"column":43}}]},"33":{"loc":{"start":{"line":141,"column":15},"end":{"line":141,"column":37}},"type":"binary-expr","locations":[{"start":{"line":141,"column":15},"end":{"line":141,"column":31}},{"start":{"line":141,"column":35},"end":{"line":141,"column":37}}]},"34":{"loc":{"start":{"line":142,"column":17},"end":{"line":142,"column":41}},"type":"binary-expr","locations":[{"start":{"line":142,"column":17},"end":{"line":142,"column":35}},{"start":{"line":142,"column":39},"end":{"line":142,"column":41}}]},"35":{"loc":{"start":{"line":143,"column":15},"end":{"line":143,"column":37}},"type":"binary-expr","locations":[{"start":{"line":143,"column":15},"end":{"line":143,"column":31}},{"start":{"line":143,"column":35},"end":{"line":143,"column":37}}]},"36":{"loc":{"start":{"line":144,"column":19},"end":{"line":144,"column":45}},"type":"binary-expr","locations":[{"start":{"line":144,"column":19},"end":{"line":144,"column":39}},{"start":{"line":144,"column":43},"end":{"line":144,"column":45}}]},"37":{"loc":{"start":{"line":145,"column":20},"end":{"line":145,"column":47}},"type":"binary-expr","locations":[{"start":{"line":145,"column":20},"end":{"line":145,"column":41}},{"start":{"line":145,"column":45},"end":{"line":145,"column":47}}]},"38":{"loc":{"start":{"line":147,"column":29},"end":{"line":147,"column":50}},"type":"binary-expr","locations":[{"start":{"line":147,"column":29},"end":{"line":147,"column":44}},{"start":{"line":147,"column":48},"end":{"line":147,"column":50}}]},"39":{"loc":{"start":{"line":148,"column":17},"end":{"line":148,"column":41}},"type":"binary-expr","locations":[{"start":{"line":148,"column":17},"end":{"line":148,"column":35}},{"start":{"line":148,"column":39},"end":{"line":148,"column":41}}]},"40":{"loc":{"start":{"line":149,"column":19},"end":{"line":149,"column":45}},"type":"binary-expr","locations":[{"start":{"line":149,"column":19},"end":{"line":149,"column":39}},{"start":{"line":149,"column":43},"end":{"line":149,"column":45}}]},"41":{"loc":{"start":{"line":150,"column":10},"end":{"line":150,"column":27}},"type":"binary-expr","locations":[{"start":{"line":150,"column":10},"end":{"line":150,"column":21}},{"start":{"line":150,"column":25},"end":{"line":150,"column":27}}]},"42":{"loc":{"start":{"line":151,"column":10},"end":{"line":151,"column":27}},"type":"binary-expr","locations":[{"start":{"line":151,"column":10},"end":{"line":151,"column":21}},{"start":{"line":151,"column":25},"end":{"line":151,"column":27}}]},"43":{"loc":{"start":{"line":152,"column":10},"end":{"line":152,"column":27}},"type":"binary-expr","locations":[{"start":{"line":152,"column":10},"end":{"line":152,"column":21}},{"start":{"line":152,"column":25},"end":{"line":152,"column":27}}]},"44":{"loc":{"start":{"line":153,"column":11},"end":{"line":153,"column":29}},"type":"binary-expr","locations":[{"start":{"line":153,"column":11},"end":{"line":153,"column":23}},{"start":{"line":153,"column":27},"end":{"line":153,"column":29}}]},"45":{"loc":{"start":{"line":155,"column":28},"end":{"line":155,"column":48}},"type":"binary-expr","locations":[{"start":{"line":155,"column":28},"end":{"line":155,"column":42}},{"start":{"line":155,"column":46},"end":{"line":155,"column":48}}]},"46":{"loc":{"start":{"line":156,"column":17},"end":{"line":156,"column":41}},"type":"binary-expr","locations":[{"start":{"line":156,"column":17},"end":{"line":156,"column":35}},{"start":{"line":156,"column":39},"end":{"line":156,"column":41}}]},"47":{"loc":{"start":{"line":157,"column":18},"end":{"line":157,"column":43}},"type":"binary-expr","locations":[{"start":{"line":157,"column":18},"end":{"line":157,"column":37}},{"start":{"line":157,"column":41},"end":{"line":157,"column":43}}]},"48":{"loc":{"start":{"line":158,"column":16},"end":{"line":158,"column":39}},"type":"binary-expr","locations":[{"start":{"line":158,"column":16},"end":{"line":158,"column":33}},{"start":{"line":158,"column":37},"end":{"line":158,"column":39}}]},"49":{"loc":{"start":{"line":159,"column":17},"end":{"line":159,"column":41}},"type":"binary-expr","locations":[{"start":{"line":159,"column":17},"end":{"line":159,"column":35}},{"start":{"line":159,"column":39},"end":{"line":159,"column":41}}]},"50":{"loc":{"start":{"line":160,"column":14},"end":{"line":160,"column":35}},"type":"binary-expr","locations":[{"start":{"line":160,"column":14},"end":{"line":160,"column":29}},{"start":{"line":160,"column":33},"end":{"line":160,"column":35}}]},"51":{"loc":{"start":{"line":161,"column":13},"end":{"line":161,"column":33}},"type":"binary-expr","locations":[{"start":{"line":161,"column":13},"end":{"line":161,"column":27}},{"start":{"line":161,"column":31},"end":{"line":161,"column":33}}]},"52":{"loc":{"start":{"line":162,"column":16},"end":{"line":162,"column":39}},"type":"binary-expr","locations":[{"start":{"line":162,"column":16},"end":{"line":162,"column":33}},{"start":{"line":162,"column":37},"end":{"line":162,"column":39}}]},"53":{"loc":{"start":{"line":170,"column":4},"end":{"line":172,"column":5}},"type":"if","locations":[{"start":{"line":170,"column":4},"end":{"line":172,"column":5}}]},"54":{"loc":{"start":{"line":173,"column":4},"end":{"line":177,"column":6}},"type":"cond-expr","locations":[{"start":{"line":173,"column":42},"end":{"line":173,"column":44}},{"start":{"line":173,"column":42},"end":{"line":177,"column":6}}]},"55":{"loc":{"start":{"line":173,"column":4},"end":{"line":173,"column":44}},"type":"binary-expr","locations":[{"start":{"line":173,"column":4},"end":{"line":173,"column":44}},{"start":{"line":173,"column":42},"end":{"line":173,"column":44}}]},"56":{"loc":{"start":{"line":221,"column":4},"end":{"line":223,"column":5}},"type":"if","locations":[{"start":{"line":221,"column":4},"end":{"line":223,"column":5}}]},"57":{"loc":{"start":{"line":224,"column":4},"end":{"line":224,"column":52}},"type":"cond-expr","locations":[{"start":{"line":224,"column":30},"end":{"line":224,"column":32}},{"start":{"line":224,"column":30},"end":{"line":224,"column":52}}]},"58":{"loc":{"start":{"line":224,"column":4},"end":{"line":224,"column":32}},"type":"binary-expr","locations":[{"start":{"line":224,"column":4},"end":{"line":224,"column":32}},{"start":{"line":224,"column":30},"end":{"line":224,"column":32}}]},"59":{"loc":{"start":{"line":228,"column":19},"end":{"line":234,"column":6}},"type":"binary-expr","locations":[{"start":{"line":228,"column":19},"end":{"line":228,"column":43}},{"start":{"line":228,"column":47},"end":{"line":234,"column":6}}]},"60":{"loc":{"start":{"line":230,"column":19},"end":{"line":230,"column":52}},"type":"binary-expr","locations":[{"start":{"line":230,"column":19},"end":{"line":230,"column":40}},{"start":{"line":230,"column":44},"end":{"line":230,"column":52}}]},"61":{"loc":{"start":{"line":230,"column":19},"end":{"line":230,"column":40}},"type":"cond-expr","locations":[{"start":{"line":230,"column":27},"end":{"line":230,"column":29}},{"start":{"line":230,"column":19},"end":{"line":230,"column":40}}]},"62":{"loc":{"start":{"line":230,"column":19},"end":{"line":230,"column":29}},"type":"binary-expr","locations":[{"start":{"line":230,"column":19},"end":{"line":230,"column":29}},{"start":{"line":230,"column":19},"end":{"line":230,"column":29}}]},"63":{"loc":{"start":{"line":231,"column":19},"end":{"line":231,"column":55}},"type":"binary-expr","locations":[{"start":{"line":231,"column":19},"end":{"line":231,"column":40}},{"start":{"line":231,"column":44},"end":{"line":231,"column":55}}]},"64":{"loc":{"start":{"line":231,"column":19},"end":{"line":231,"column":40}},"type":"cond-expr","locations":[{"start":{"line":231,"column":27},"end":{"line":231,"column":29}},{"start":{"line":231,"column":19},"end":{"line":231,"column":40}}]},"65":{"loc":{"start":{"line":231,"column":19},"end":{"line":231,"column":29}},"type":"binary-expr","locations":[{"start":{"line":231,"column":19},"end":{"line":231,"column":29}},{"start":{"line":231,"column":19},"end":{"line":231,"column":29}}]},"66":{"loc":{"start":{"line":232,"column":14},"end":{"line":232,"column":45}},"type":"binary-expr","locations":[{"start":{"line":232,"column":14},"end":{"line":232,"column":30}},{"start":{"line":232,"column":34},"end":{"line":232,"column":45}}]},"67":{"loc":{"start":{"line":232,"column":14},"end":{"line":232,"column":30}},"type":"cond-expr","locations":[{"start":{"line":232,"column":22},"end":{"line":232,"column":24}},{"start":{"line":232,"column":14},"end":{"line":232,"column":30}}]},"68":{"loc":{"start":{"line":232,"column":14},"end":{"line":232,"column":24}},"type":"binary-expr","locations":[{"start":{"line":232,"column":14},"end":{"line":232,"column":24}},{"start":{"line":232,"column":14},"end":{"line":232,"column":24}}]},"69":{"loc":{"start":{"line":233,"column":13},"end":{"line":233,"column":34}},"type":"binary-expr","locations":[{"start":{"line":233,"column":13},"end":{"line":233,"column":28}},{"start":{"line":233,"column":32},"end":{"line":233,"column":34}}]},"70":{"loc":{"start":{"line":233,"column":13},"end":{"line":233,"column":28}},"type":"cond-expr","locations":[{"start":{"line":233,"column":21},"end":{"line":233,"column":23}},{"start":{"line":233,"column":13},"end":{"line":233,"column":28}}]},"71":{"loc":{"start":{"line":233,"column":13},"end":{"line":233,"column":23}},"type":"binary-expr","locations":[{"start":{"line":233,"column":13},"end":{"line":233,"column":23}},{"start":{"line":233,"column":13},"end":{"line":233,"column":23}}]},"72":{"loc":{"start":{"line":237,"column":4},"end":{"line":250,"column":5}},"type":"if","locations":[{"start":{"line":237,"column":4},"end":{"line":250,"column":5}}]},"73":{"loc":{"start":{"line":242,"column":17},"end":{"line":242,"column":61}},"type":"binary-expr","locations":[{"start":{"line":242,"column":17},"end":{"line":242,"column":55}},{"start":{"line":242,"column":59},"end":{"line":242,"column":61}}]},"74":{"loc":{"start":{"line":257,"column":21},"end":{"line":257,"column":46}},"type":"binary-expr","locations":[{"start":{"line":257,"column":21},"end":{"line":257,"column":36}},{"start":{"line":257,"column":40},"end":{"line":257,"column":46}}]},"75":{"loc":{"start":{"line":257,"column":21},"end":{"line":257,"column":36}},"type":"cond-expr","locations":[{"start":{"line":257,"column":25},"end":{"line":257,"column":27}},{"start":{"line":257,"column":21},"end":{"line":257,"column":36}}]},"76":{"loc":{"start":{"line":257,"column":21},"end":{"line":257,"column":27}},"type":"binary-expr","locations":[{"start":{"line":257,"column":21},"end":{"line":257,"column":27}},{"start":{"line":257,"column":21},"end":{"line":257,"column":27}}]},"77":{"loc":{"start":{"line":258,"column":24},"end":{"line":258,"column":64}},"type":"binary-expr","locations":[{"start":{"line":258,"column":24},"end":{"line":258,"column":42}},{"start":{"line":258,"column":46},"end":{"line":258,"column":63}}]},"78":{"loc":{"start":{"line":258,"column":24},"end":{"line":258,"column":42}},"type":"cond-expr","locations":[{"start":{"line":258,"column":28},"end":{"line":258,"column":30}},{"start":{"line":258,"column":24},"end":{"line":258,"column":42}}]},"79":{"loc":{"start":{"line":258,"column":24},"end":{"line":258,"column":30}},"type":"binary-expr","locations":[{"start":{"line":258,"column":24},"end":{"line":258,"column":30}},{"start":{"line":258,"column":24},"end":{"line":258,"column":30}}]},"80":{"loc":{"start":{"line":258,"column":46},"end":{"line":258,"column":63}},"type":"cond-expr","locations":[{"start":{"line":258,"column":50},"end":{"line":258,"column":52}},{"start":{"line":258,"column":46},"end":{"line":258,"column":63}}]},"81":{"loc":{"start":{"line":258,"column":46},"end":{"line":258,"column":52}},"type":"binary-expr","locations":[{"start":{"line":258,"column":46},"end":{"line":258,"column":52}},{"start":{"line":258,"column":46},"end":{"line":258,"column":52}}]},"82":{"loc":{"start":{"line":261,"column":4},"end":{"line":263,"column":5}},"type":"if","locations":[{"start":{"line":261,"column":4},"end":{"line":263,"column":5}}]},"83":{"loc":{"start":{"line":264,"column":4},"end":{"line":266,"column":5}},"type":"if","locations":[{"start":{"line":264,"column":4},"end":{"line":266,"column":5}}]},"84":{"loc":{"start":{"line":267,"column":4},"end":{"line":269,"column":5}},"type":"if","locations":[{"start":{"line":267,"column":4},"end":{"line":269,"column":5}}]},"85":{"loc":{"start":{"line":275,"column":4},"end":{"line":277,"column":5}},"type":"if","locations":[{"start":{"line":275,"column":4},"end":{"line":277,"column":5}}]},"86":{"loc":{"start":{"line":275,"column":8},"end":{"line":275,"column":38}},"type":"binary-expr","locations":[{"start":{"line":275,"column":8},"end":{"line":275,"column":21}},{"start":{"line":275,"column":25},"end":{"line":275,"column":38}}]},"87":{"loc":{"start":{"line":285,"column":19},"end":{"line":285,"column":64}},"type":"binary-expr","locations":[{"start":{"line":285,"column":19},"end":{"line":285,"column":34}},{"start":{"line":285,"column":38},"end":{"line":285,"column":51}},{"start":{"line":285,"column":55},"end":{"line":285,"column":64}}]},"88":{"loc":{"start":{"line":285,"column":38},"end":{"line":285,"column":51}},"type":"cond-expr","locations":[{"start":{"line":285,"column":42},"end":{"line":285,"column":44}},{"start":{"line":285,"column":38},"end":{"line":285,"column":51}}]},"89":{"loc":{"start":{"line":285,"column":38},"end":{"line":285,"column":44}},"type":"binary-expr","locations":[{"start":{"line":285,"column":38},"end":{"line":285,"column":44}},{"start":{"line":285,"column":38},"end":{"line":285,"column":44}}]},"90":{"loc":{"start":{"line":293,"column":6},"end":{"line":293,"column":31}},"type":"binary-expr","locations":[{"start":{"line":293,"column":6},"end":{"line":293,"column":21}},{"start":{"line":293,"column":25},"end":{"line":293,"column":31}}]},"91":{"loc":{"start":{"line":293,"column":6},"end":{"line":293,"column":21}},"type":"cond-expr","locations":[{"start":{"line":293,"column":10},"end":{"line":293,"column":12}},{"start":{"line":293,"column":6},"end":{"line":293,"column":21}}]},"92":{"loc":{"start":{"line":293,"column":6},"end":{"line":293,"column":12}},"type":"binary-expr","locations":[{"start":{"line":293,"column":6},"end":{"line":293,"column":12}},{"start":{"line":293,"column":6},"end":{"line":293,"column":12}}]},"93":{"loc":{"start":{"line":294,"column":6},"end":{"line":294,"column":36}},"type":"binary-expr","locations":[{"start":{"line":294,"column":6},"end":{"line":294,"column":24}},{"start":{"line":294,"column":28},"end":{"line":294,"column":36}}]},"94":{"loc":{"start":{"line":294,"column":6},"end":{"line":294,"column":24}},"type":"cond-expr","locations":[{"start":{"line":294,"column":10},"end":{"line":294,"column":12}},{"start":{"line":294,"column":6},"end":{"line":294,"column":24}}]},"95":{"loc":{"start":{"line":294,"column":6},"end":{"line":294,"column":12}},"type":"binary-expr","locations":[{"start":{"line":294,"column":6},"end":{"line":294,"column":12}},{"start":{"line":294,"column":6},"end":{"line":294,"column":12}}]},"96":{"loc":{"start":{"line":295,"column":6},"end":{"line":295,"column":44}},"type":"binary-expr","locations":[{"start":{"line":295,"column":6},"end":{"line":295,"column":22}},{"start":{"line":295,"column":26},"end":{"line":295,"column":44}}]},"97":{"loc":{"start":{"line":295,"column":6},"end":{"line":295,"column":22}},"type":"cond-expr","locations":[{"start":{"line":295,"column":10},"end":{"line":295,"column":12}},{"start":{"line":295,"column":6},"end":{"line":295,"column":22}}]},"98":{"loc":{"start":{"line":295,"column":6},"end":{"line":295,"column":12}},"type":"binary-expr","locations":[{"start":{"line":295,"column":6},"end":{"line":295,"column":12}},{"start":{"line":295,"column":6},"end":{"line":295,"column":12}}]},"99":{"loc":{"start":{"line":303,"column":26},"end":{"line":303,"column":51}},"type":"binary-expr","locations":[{"start":{"line":303,"column":26},"end":{"line":303,"column":41}},{"start":{"line":303,"column":45},"end":{"line":303,"column":51}}]},"100":{"loc":{"start":{"line":303,"column":26},"end":{"line":303,"column":41}},"type":"cond-expr","locations":[{"start":{"line":303,"column":30},"end":{"line":303,"column":32}},{"start":{"line":303,"column":26},"end":{"line":303,"column":41}}]},"101":{"loc":{"start":{"line":303,"column":26},"end":{"line":303,"column":32}},"type":"binary-expr","locations":[{"start":{"line":303,"column":26},"end":{"line":303,"column":32}},{"start":{"line":303,"column":26},"end":{"line":303,"column":32}}]},"102":{"loc":{"start":{"line":304,"column":29},"end":{"line":304,"column":59}},"type":"binary-expr","locations":[{"start":{"line":304,"column":29},"end":{"line":304,"column":47}},{"start":{"line":304,"column":51},"end":{"line":304,"column":59}}]},"103":{"loc":{"start":{"line":304,"column":29},"end":{"line":304,"column":47}},"type":"cond-expr","locations":[{"start":{"line":304,"column":33},"end":{"line":304,"column":35}},{"start":{"line":304,"column":29},"end":{"line":304,"column":47}}]},"104":{"loc":{"start":{"line":304,"column":29},"end":{"line":304,"column":35}},"type":"binary-expr","locations":[{"start":{"line":304,"column":29},"end":{"line":304,"column":35}},{"start":{"line":304,"column":29},"end":{"line":304,"column":35}}]},"105":{"loc":{"start":{"line":308,"column":16},"end":{"line":308,"column":47}},"type":"cond-expr","locations":[{"start":{"line":308,"column":36},"end":{"line":308,"column":38}},{"start":{"line":308,"column":36},"end":{"line":308,"column":47}}]},"106":{"loc":{"start":{"line":308,"column":16},"end":{"line":308,"column":38}},"type":"binary-expr","locations":[{"start":{"line":308,"column":16},"end":{"line":308,"column":38}},{"start":{"line":308,"column":36},"end":{"line":308,"column":38}}]},"107":{"loc":{"start":{"line":319,"column":6},"end":{"line":321,"column":7}},"type":"if","locations":[{"start":{"line":319,"column":6},"end":{"line":321,"column":7}}]},"108":{"loc":{"start":{"line":319,"column":10},"end":{"line":319,"column":86}},"type":"binary-expr","locations":[{"start":{"line":319,"column":10},"end":{"line":319,"column":23}},{"start":{"line":319,"column":27},"end":{"line":319,"column":51}},{"start":{"line":319,"column":55},"end":{"line":319,"column":86}}]},"109":{"loc":{"start":{"line":326,"column":6},"end":{"line":328,"column":7}},"type":"if","locations":[{"start":{"line":326,"column":6},"end":{"line":328,"column":7}}]},"110":{"loc":{"start":{"line":331,"column":12},"end":{"line":331,"column":64}},"type":"binary-expr","locations":[{"start":{"line":331,"column":12},"end":{"line":331,"column":58}},{"start":{"line":331,"column":62},"end":{"line":331,"column":64}}]},"111":{"loc":{"start":{"line":332,"column":12},"end":{"line":332,"column":64}},"type":"binary-expr","locations":[{"start":{"line":332,"column":12},"end":{"line":332,"column":58}},{"start":{"line":332,"column":62},"end":{"line":332,"column":64}}]},"112":{"loc":{"start":{"line":339,"column":6},"end":{"line":353,"column":8}},"type":"cond-expr","locations":[{"start":{"line":339,"column":33},"end":{"line":339,"column":35}},{"start":{"line":339,"column":33},"end":{"line":353,"column":8}}]},"113":{"loc":{"start":{"line":339,"column":6},"end":{"line":339,"column":35}},"type":"binary-expr","locations":[{"start":{"line":339,"column":6},"end":{"line":339,"column":35}},{"start":{"line":339,"column":33},"end":{"line":339,"column":35}}]},"114":{"loc":{"start":{"line":348,"column":18},"end":{"line":348,"column":33}},"type":"cond-expr","locations":[{"start":{"line":348,"column":22},"end":{"line":348,"column":24}},{"start":{"line":348,"column":18},"end":{"line":348,"column":33}}]},"115":{"loc":{"start":{"line":348,"column":18},"end":{"line":348,"column":24}},"type":"binary-expr","locations":[{"start":{"line":348,"column":18},"end":{"line":348,"column":24}},{"start":{"line":348,"column":18},"end":{"line":348,"column":24}}]},"116":{"loc":{"start":{"line":349,"column":21},"end":{"line":349,"column":null}},"type":"binary-expr","locations":[{"start":{"line":349,"column":21},"end":{"line":349,"column":39}},{"start":{"line":349,"column":43},"end":{"line":349,"column":60}}]},"117":{"loc":{"start":{"line":349,"column":21},"end":{"line":349,"column":39}},"type":"cond-expr","locations":[{"start":{"line":349,"column":25},"end":{"line":349,"column":27}},{"start":{"line":349,"column":21},"end":{"line":349,"column":39}}]},"118":{"loc":{"start":{"line":349,"column":21},"end":{"line":349,"column":27}},"type":"binary-expr","locations":[{"start":{"line":349,"column":21},"end":{"line":349,"column":27}},{"start":{"line":349,"column":21},"end":{"line":349,"column":27}}]},"119":{"loc":{"start":{"line":349,"column":43},"end":{"line":349,"column":60}},"type":"cond-expr","locations":[{"start":{"line":349,"column":47},"end":{"line":349,"column":49}},{"start":{"line":349,"column":43},"end":{"line":349,"column":60}}]},"120":{"loc":{"start":{"line":349,"column":43},"end":{"line":349,"column":49}},"type":"binary-expr","locations":[{"start":{"line":349,"column":43},"end":{"line":349,"column":49}},{"start":{"line":349,"column":43},"end":{"line":349,"column":49}}]},"121":{"loc":{"start":{"line":350,"column":18},"end":{"line":350,"column":33}},"type":"cond-expr","locations":[{"start":{"line":350,"column":22},"end":{"line":350,"column":24}},{"start":{"line":350,"column":18},"end":{"line":350,"column":33}}]},"122":{"loc":{"start":{"line":350,"column":18},"end":{"line":350,"column":24}},"type":"binary-expr","locations":[{"start":{"line":350,"column":18},"end":{"line":350,"column":24}},{"start":{"line":350,"column":18},"end":{"line":350,"column":24}}]},"123":{"loc":{"start":{"line":351,"column":18},"end":{"line":351,"column":33}},"type":"cond-expr","locations":[{"start":{"line":351,"column":22},"end":{"line":351,"column":24}},{"start":{"line":351,"column":18},"end":{"line":351,"column":33}}]},"124":{"loc":{"start":{"line":351,"column":18},"end":{"line":351,"column":24}},"type":"binary-expr","locations":[{"start":{"line":351,"column":18},"end":{"line":351,"column":24}},{"start":{"line":351,"column":18},"end":{"line":351,"column":24}}]},"125":{"loc":{"start":{"line":360,"column":6},"end":{"line":362,"column":7}},"type":"if","locations":[{"start":{"line":360,"column":6},"end":{"line":362,"column":7}}]},"126":{"loc":{"start":{"line":372,"column":26},"end":{"line":372,"column":86}},"type":"binary-expr","locations":[{"start":{"line":372,"column":26},"end":{"line":372,"column":57}},{"start":{"line":372,"column":61},"end":{"line":372,"column":86}}]},"127":{"loc":{"start":{"line":375,"column":21},"end":{"line":375,"column":46}},"type":"binary-expr","locations":[{"start":{"line":375,"column":21},"end":{"line":375,"column":33}},{"start":{"line":375,"column":37},"end":{"line":375,"column":46}}]},"128":{"loc":{"start":{"line":377,"column":6},"end":{"line":383,"column":7}},"type":"if","locations":[{"start":{"line":377,"column":6},"end":{"line":383,"column":7}}]},"129":{"loc":{"start":{"line":396,"column":31},"end":{"line":396,"column":61}},"type":"binary-expr","locations":[{"start":{"line":396,"column":31},"end":{"line":396,"column":48}},{"start":{"line":396,"column":52},"end":{"line":396,"column":61}}]},"130":{"loc":{"start":{"line":399,"column":10},"end":{"line":399,"column":40}},"type":"binary-expr","locations":[{"start":{"line":399,"column":10},"end":{"line":399,"column":27}},{"start":{"line":399,"column":31},"end":{"line":399,"column":40}}]},"131":{"loc":{"start":{"line":404,"column":10},"end":{"line":404,"column":40}},"type":"binary-expr","locations":[{"start":{"line":404,"column":10},"end":{"line":404,"column":27}},{"start":{"line":404,"column":31},"end":{"line":404,"column":40}}]},"132":{"loc":{"start":{"line":408,"column":18},"end":{"line":408,"column":49}},"type":"cond-expr","locations":[{"start":{"line":408,"column":38},"end":{"line":408,"column":40}},{"start":{"line":408,"column":38},"end":{"line":408,"column":49}}]},"133":{"loc":{"start":{"line":408,"column":18},"end":{"line":408,"column":40}},"type":"binary-expr","locations":[{"start":{"line":408,"column":18},"end":{"line":408,"column":40}},{"start":{"line":408,"column":38},"end":{"line":408,"column":40}}]},"134":{"loc":{"start":{"line":423,"column":4},"end":{"line":431,"column":5}},"type":"if","locations":[{"start":{"line":423,"column":4},"end":{"line":431,"column":5}},{"start":{"line":425,"column":11},"end":{"line":431,"column":5}}]},"135":{"loc":{"start":{"line":423,"column":8},"end":{"line":423,"column":27}},"type":"binary-expr","locations":[{"start":{"line":423,"column":8},"end":{"line":423,"column":15}},{"start":{"line":423,"column":19},"end":{"line":423,"column":27}}]},"136":{"loc":{"start":{"line":425,"column":11},"end":{"line":431,"column":5}},"type":"if","locations":[{"start":{"line":425,"column":11},"end":{"line":431,"column":5}},{"start":{"line":427,"column":11},"end":{"line":431,"column":5}}]},"137":{"loc":{"start":{"line":427,"column":11},"end":{"line":431,"column":5}},"type":"if","locations":[{"start":{"line":427,"column":11},"end":{"line":431,"column":5}},{"start":{"line":429,"column":11},"end":{"line":431,"column":5}}]},"138":{"loc":{"start":{"line":434,"column":46},"end":{"line":434,"column":72}},"type":"binary-expr","locations":[{"start":{"line":434,"column":46},"end":{"line":434,"column":66}},{"start":{"line":434,"column":70},"end":{"line":434,"column":72}}]},"139":{"loc":{"start":{"line":435,"column":49},"end":{"line":435,"column":78}},"type":"binary-expr","locations":[{"start":{"line":435,"column":49},"end":{"line":435,"column":72}},{"start":{"line":435,"column":76},"end":{"line":435,"column":78}}]},"140":{"loc":{"start":{"line":436,"column":42},"end":{"line":436,"column":64}},"type":"binary-expr","locations":[{"start":{"line":436,"column":42},"end":{"line":436,"column":58}},{"start":{"line":436,"column":62},"end":{"line":436,"column":64}}]},"141":{"loc":{"start":{"line":473,"column":2},"end":{"line":475,"column":3}},"type":"if","locations":[{"start":{"line":473,"column":2},"end":{"line":475,"column":3}}]},"142":{"loc":{"start":{"line":487,"column":2},"end":{"line":505,"column":3}},"type":"if","locations":[{"start":{"line":487,"column":2},"end":{"line":505,"column":3}}]},"143":{"loc":{"start":{"line":497,"column":16},"end":{"line":497,"column":31}},"type":"cond-expr","locations":[{"start":{"line":497,"column":20},"end":{"line":497,"column":22}},{"start":{"line":497,"column":16},"end":{"line":497,"column":31}}]},"144":{"loc":{"start":{"line":497,"column":16},"end":{"line":497,"column":22}},"type":"binary-expr","locations":[{"start":{"line":497,"column":16},"end":{"line":497,"column":22}},{"start":{"line":497,"column":16},"end":{"line":497,"column":22}}]},"145":{"loc":{"start":{"line":498,"column":19},"end":{"line":498,"column":null}},"type":"binary-expr","locations":[{"start":{"line":498,"column":19},"end":{"line":498,"column":37}},{"start":{"line":498,"column":41},"end":{"line":498,"column":58}}]},"146":{"loc":{"start":{"line":498,"column":19},"end":{"line":498,"column":37}},"type":"cond-expr","locations":[{"start":{"line":498,"column":23},"end":{"line":498,"column":25}},{"start":{"line":498,"column":19},"end":{"line":498,"column":37}}]},"147":{"loc":{"start":{"line":498,"column":19},"end":{"line":498,"column":25}},"type":"binary-expr","locations":[{"start":{"line":498,"column":19},"end":{"line":498,"column":25}},{"start":{"line":498,"column":19},"end":{"line":498,"column":25}}]},"148":{"loc":{"start":{"line":498,"column":41},"end":{"line":498,"column":58}},"type":"cond-expr","locations":[{"start":{"line":498,"column":45},"end":{"line":498,"column":47}},{"start":{"line":498,"column":41},"end":{"line":498,"column":58}}]},"149":{"loc":{"start":{"line":498,"column":41},"end":{"line":498,"column":47}},"type":"binary-expr","locations":[{"start":{"line":498,"column":41},"end":{"line":498,"column":47}},{"start":{"line":498,"column":41},"end":{"line":498,"column":47}}]},"150":{"loc":{"start":{"line":499,"column":16},"end":{"line":499,"column":31}},"type":"cond-expr","locations":[{"start":{"line":499,"column":20},"end":{"line":499,"column":22}},{"start":{"line":499,"column":16},"end":{"line":499,"column":31}}]},"151":{"loc":{"start":{"line":499,"column":16},"end":{"line":499,"column":22}},"type":"binary-expr","locations":[{"start":{"line":499,"column":16},"end":{"line":499,"column":22}},{"start":{"line":499,"column":16},"end":{"line":499,"column":22}}]},"152":{"loc":{"start":{"line":500,"column":16},"end":{"line":500,"column":31}},"type":"cond-expr","locations":[{"start":{"line":500,"column":20},"end":{"line":500,"column":22}},{"start":{"line":500,"column":16},"end":{"line":500,"column":31}}]},"153":{"loc":{"start":{"line":500,"column":16},"end":{"line":500,"column":22}},"type":"binary-expr","locations":[{"start":{"line":500,"column":16},"end":{"line":500,"column":22}},{"start":{"line":500,"column":16},"end":{"line":500,"column":22}}]},"154":{"loc":{"start":{"line":501,"column":20},"end":{"line":501,"column":39}},"type":"cond-expr","locations":[{"start":{"line":501,"column":24},"end":{"line":501,"column":26}},{"start":{"line":501,"column":20},"end":{"line":501,"column":39}}]},"155":{"loc":{"start":{"line":501,"column":20},"end":{"line":501,"column":26}},"type":"binary-expr","locations":[{"start":{"line":501,"column":20},"end":{"line":501,"column":26}},{"start":{"line":501,"column":20},"end":{"line":501,"column":26}}]},"156":{"loc":{"start":{"line":502,"column":21},"end":{"line":502,"column":41}},"type":"cond-expr","locations":[{"start":{"line":502,"column":25},"end":{"line":502,"column":27}},{"start":{"line":502,"column":21},"end":{"line":502,"column":41}}]},"157":{"loc":{"start":{"line":502,"column":21},"end":{"line":502,"column":27}},"type":"binary-expr","locations":[{"start":{"line":502,"column":21},"end":{"line":502,"column":27}},{"start":{"line":502,"column":21},"end":{"line":502,"column":27}}]},"158":{"loc":{"start":{"line":518,"column":2},"end":{"line":521,"column":3}},"type":"if","locations":[{"start":{"line":518,"column":2},"end":{"line":521,"column":3}}]},"159":{"loc":{"start":{"line":525,"column":22},"end":{"line":525,"column":84}},"type":"cond-expr","locations":[{"start":{"line":525,"column":61},"end":{"line":525,"column":79}},{"start":{"line":525,"column":82},"end":{"line":525,"column":84}}]},"160":{"loc":{"start":{"line":525,"column":22},"end":{"line":525,"column":58}},"type":"binary-expr","locations":[{"start":{"line":525,"column":22},"end":{"line":525,"column":34}},{"start":{"line":525,"column":38},"end":{"line":525,"column":58}}]},"161":{"loc":{"start":{"line":526,"column":23},"end":{"line":526,"column":78}},"type":"cond-expr","locations":[{"start":{"line":526,"column":39},"end":{"line":526,"column":73}},{"start":{"line":526,"column":76},"end":{"line":526,"column":78}}]},"162":{"loc":{"start":{"line":535,"column":28},"end":{"line":535,"column":40}},"type":"binary-expr","locations":[{"start":{"line":535,"column":28},"end":{"line":535,"column":34}},{"start":{"line":535,"column":38},"end":{"line":535,"column":40}}]},"163":{"loc":{"start":{"line":536,"column":2},"end":{"line":538,"column":3}},"type":"if","locations":[{"start":{"line":536,"column":2},"end":{"line":538,"column":3}}]},"164":{"loc":{"start":{"line":539,"column":2},"end":{"line":541,"column":3}},"type":"if","locations":[{"start":{"line":539,"column":2},"end":{"line":541,"column":3}}]},"165":{"loc":{"start":{"line":546,"column":23},"end":{"line":546,"column":39}},"type":"binary-expr","locations":[{"start":{"line":546,"column":23},"end":{"line":546,"column":33}},{"start":{"line":546,"column":37},"end":{"line":546,"column":39}}]},"166":{"loc":{"start":{"line":547,"column":9},"end":{"line":547,"column":30}},"type":"cond-expr","locations":[{"start":{"line":547,"column":17},"end":{"line":547,"column":25}},{"start":{"line":547,"column":28},"end":{"line":547,"column":30}}]},"167":{"loc":{"start":{"line":555,"column":2},"end":{"line":557,"column":3}},"type":"if","locations":[{"start":{"line":555,"column":2},"end":{"line":557,"column":3}}]},"168":{"loc":{"start":{"line":566,"column":2},"end":{"line":568,"column":3}},"type":"if","locations":[{"start":{"line":566,"column":2},"end":{"line":568,"column":3}}]},"169":{"loc":{"start":{"line":570,"column":2},"end":{"line":572,"column":3}},"type":"if","locations":[{"start":{"line":570,"column":2},"end":{"line":572,"column":3}}]},"170":{"loc":{"start":{"line":570,"column":6},"end":{"line":570,"column":57}},"type":"binary-expr","locations":[{"start":{"line":570,"column":6},"end":{"line":570,"column":18}},{"start":{"line":570,"column":22},"end":{"line":570,"column":57}}]},"171":{"loc":{"start":{"line":570,"column":6},"end":{"line":570,"column":18}},"type":"cond-expr","locations":[{"start":{"line":570,"column":10},"end":{"line":570,"column":12}},{"start":{"line":570,"column":6},"end":{"line":570,"column":18}}]},"172":{"loc":{"start":{"line":570,"column":6},"end":{"line":570,"column":12}},"type":"binary-expr","locations":[{"start":{"line":570,"column":6},"end":{"line":570,"column":12}},{"start":{"line":570,"column":6},"end":{"line":570,"column":12}}]},"173":{"loc":{"start":{"line":574,"column":9},"end":{"line":574,"column":41}},"type":"binary-expr","locations":[{"start":{"line":574,"column":9},"end":{"line":574,"column":21}},{"start":{"line":574,"column":25},"end":{"line":574,"column":41}}]},"174":{"loc":{"start":{"line":574,"column":9},"end":{"line":574,"column":21}},"type":"cond-expr","locations":[{"start":{"line":574,"column":13},"end":{"line":574,"column":15}},{"start":{"line":574,"column":9},"end":{"line":574,"column":21}}]},"175":{"loc":{"start":{"line":574,"column":9},"end":{"line":574,"column":15}},"type":"binary-expr","locations":[{"start":{"line":574,"column":9},"end":{"line":574,"column":15}},{"start":{"line":574,"column":9},"end":{"line":574,"column":15}}]},"176":{"loc":{"start":{"line":582,"column":18},"end":{"line":582,"column":79}},"type":"binary-expr","locations":[{"start":{"line":582,"column":18},"end":{"line":582,"column":62}},{"start":{"line":582,"column":66},"end":{"line":582,"column":79}}]},"177":{"loc":{"start":{"line":587,"column":2},"end":{"line":589,"column":3}},"type":"if","locations":[{"start":{"line":587,"column":2},"end":{"line":589,"column":3}}]},"178":{"loc":{"start":{"line":588,"column":11},"end":{"line":588,"column":23}},"type":"binary-expr","locations":[{"start":{"line":588,"column":11},"end":{"line":588,"column":17}},{"start":{"line":588,"column":21},"end":{"line":588,"column":23}}]},"179":{"loc":{"start":{"line":590,"column":2},"end":{"line":592,"column":3}},"type":"if","locations":[{"start":{"line":590,"column":2},"end":{"line":592,"column":3}}]},"180":{"loc":{"start":{"line":593,"column":9},"end":{"line":593,"column":61}},"type":"cond-expr","locations":[{"start":{"line":593,"column":34},"end":{"line":593,"column":40}},{"start":{"line":593,"column":43},"end":{"line":593,"column":61}}]},"181":{"loc":{"start":{"line":606,"column":4},"end":{"line":614,"column":5}},"type":"if","locations":[{"start":{"line":606,"column":4},"end":{"line":614,"column":5}}]},"182":{"loc":{"start":{"line":607,"column":6},"end":{"line":612,"column":7}},"type":"if","locations":[{"start":{"line":607,"column":6},"end":{"line":612,"column":7}},{"start":{"line":610,"column":13},"end":{"line":612,"column":7}}]},"183":{"loc":{"start":{"line":607,"column":10},"end":{"line":607,"column":38}},"type":"binary-expr","locations":[{"start":{"line":607,"column":10},"end":{"line":607,"column":22}},{"start":{"line":607,"column":26},"end":{"line":607,"column":38}}]},"184":{"loc":{"start":{"line":616,"column":4},"end":{"line":620,"column":5}},"type":"if","locations":[{"start":{"line":616,"column":4},"end":{"line":620,"column":5}}]},"185":{"loc":{"start":{"line":616,"column":8},"end":{"line":616,"column":37}},"type":"binary-expr","locations":[{"start":{"line":616,"column":8},"end":{"line":616,"column":20}},{"start":{"line":616,"column":24},"end":{"line":616,"column":37}}]},"186":{"loc":{"start":{"line":622,"column":4},"end":{"line":631,"column":5}},"type":"if","locations":[{"start":{"line":622,"column":4},"end":{"line":631,"column":5}}]},"187":{"loc":{"start":{"line":622,"column":8},"end":{"line":622,"column":57}},"type":"binary-expr","locations":[{"start":{"line":622,"column":9},"end":{"line":622,"column":22}},{"start":{"line":622,"column":26},"end":{"line":622,"column":39}},{"start":{"line":622,"column":44},"end":{"line":622,"column":57}}]},"188":{"loc":{"start":{"line":623,"column":6},"end":{"line":625,"column":7}},"type":"if","locations":[{"start":{"line":623,"column":6},"end":{"line":625,"column":7}}]},"189":{"loc":{"start":{"line":623,"column":10},"end":{"line":623,"column":40}},"type":"binary-expr","locations":[{"start":{"line":623,"column":10},"end":{"line":623,"column":23}},{"start":{"line":623,"column":27},"end":{"line":623,"column":40}}]},"190":{"loc":{"start":{"line":636,"column":2},"end":{"line":639,"column":3}},"type":"if","locations":[{"start":{"line":636,"column":2},"end":{"line":639,"column":3}}]},"191":{"loc":{"start":{"line":636,"column":6},"end":{"line":636,"column":34}},"type":"binary-expr","locations":[{"start":{"line":636,"column":6},"end":{"line":636,"column":20}},{"start":{"line":636,"column":24},"end":{"line":636,"column":34}}]},"192":{"loc":{"start":{"line":642,"column":2},"end":{"line":644,"column":3}},"type":"if","locations":[{"start":{"line":642,"column":2},"end":{"line":644,"column":3}}]},"193":{"loc":{"start":{"line":649,"column":23},"end":{"line":649,"column":41}},"type":"binary-expr","locations":[{"start":{"line":649,"column":23},"end":{"line":649,"column":35}},{"start":{"line":649,"column":39},"end":{"line":649,"column":41}}]}},"s":{"0":1,"1":1,"2":1,"3":7,"4":1,"5":99,"6":1,"7":79,"8":1,"9":30,"10":1,"11":4,"12":1,"13":6,"14":1,"15":20,"16":1,"17":1,"18":7,"19":1,"20":1,"21":99,"22":7,"23":99,"24":1,"25":1,"26":30,"27":1,"28":1,"29":1,"30":1,"31":1,"32":1,"33":1,"34":1,"35":1,"36":4,"37":1,"38":6,"39":1,"40":1,"41":6,"42":1,"43":1,"44":20,"45":20,"46":20,"47":20,"48":20,"49":199,"50":199,"51":199,"52":8,"53":199,"54":199,"55":199,"56":199,"57":199,"58":199,"59":199,"60":199,"61":199,"62":199,"63":199,"64":1,"65":79,"66":79,"67":79,"68":0,"69":79,"70":79,"71":79,"72":79,"73":79,"74":79,"75":79,"76":79,"77":79,"78":79,"79":79,"80":79,"81":79,"82":79,"83":79,"84":1,"85":30,"86":30,"87":3,"88":27,"89":27,"90":27,"91":27,"92":19,"93":27,"94":27,"95":27,"96":27,"97":1,"98":30,"99":7,"100":7,"101":0,"102":7,"103":7,"104":7,"105":7,"106":7,"107":7,"108":7,"109":11,"110":4,"111":7,"112":7,"113":7,"114":7,"115":7,"116":7,"117":7,"118":7,"119":1,"120":1,"121":8,"122":8,"123":8,"124":8,"125":3,"126":5,"127":4,"128":1,"129":1,"130":0,"131":8,"132":283,"133":8,"134":8,"135":8,"136":8,"137":1,"138":86,"139":86,"140":79,"141":86,"142":86,"143":86,"144":4,"145":86,"146":172,"147":172,"148":12,"149":12,"150":99,"151":99,"152":99,"153":199,"154":207,"155":207,"156":19,"157":188,"158":8,"159":180,"160":7,"161":7,"162":1,"163":1,"164":1,"165":1,"166":0,"167":0,"168":289,"169":289,"170":0,"171":0,"172":0,"173":86,"174":86,"175":597,"176":0,"177":597,"178":0,"179":597,"180":7,"181":7,"182":7,"183":7,"184":7,"185":7,"186":20448,"187":20448,"188":20448,"189":42,"190":0,"191":0,"192":42,"193":42,"194":20406,"195":2002,"196":2002,"197":2002,"198":18404,"199":252,"200":0,"201":252,"202":252,"203":252,"204":252,"205":252,"206":18152,"207":7,"208":0,"209":0,"210":7,"211":252,"212":252,"213":7,"214":0,"215":7,"216":245,"217":245,"218":2193,"219":245},"f":{"0":1,"1":7,"2":99,"3":79,"4":30,"5":4,"6":6,"7":20,"8":7,"9":99,"10":30,"11":4,"12":6,"13":6,"14":20,"15":199,"16":199,"17":79,"18":30,"19":30,"20":7,"21":11,"22":8,"23":283,"24":86,"25":86,"26":172,"27":99,"28":199,"29":207,"30":7,"31":1,"32":1,"33":0,"34":289,"35":86,"36":597,"37":7,"38":252,"39":252,"40":245,"41":2193},"b":{"0":[7,0],"1":[7,0],"2":[7,0],"3":[7,0],"4":[7,0],"5":[99,0],"6":[99,0],"7":[99,0],"8":[99,0],"9":[99,0],"10":[99,0],"11":[79,0],"12":[79,0],"13":[79,0],"14":[79,0],"15":[79,0],"16":[79,0],"17":[79,0],"18":[79,0],"19":[30,0],"20":[30,0],"21":[30,0],"22":[30,0],"23":[30,0],"24":[30,0],"25":[30,0],"26":[30,0],"27":[1,0],"28":[4,0],"29":[4,0],"30":[4,0],"31":[4,0],"32":[4,0],"33":[4,0],"34":[4,0],"35":[4,3],"36":[4,0],"37":[4,0],"38":[1,0],"39":[6,0],"40":[6,0],"41":[6,0],"42":[6,0],"43":[6,0],"44":[6,0],"45":[1,0],"46":[20,0],"47":[20,0],"48":[20,0],"49":[20,0],"50":[20,0],"51":[20,0],"52":[20,0],"53":[7],"54":[0,99],"55":[99,99],"56":[20],"57":[0,20],"58":[20,20],"59":[199,7],"60":[7,0],"61":[0,7],"62":[7,7],"63":[7,0],"64":[0,7],"65":[7,7],"66":[7,0],"67":[0,7],"68":[7,7],"69":[7,0],"70":[0,7],"71":[7,7],"72":[8],"73":[8,1],"74":[199,0],"75":[0,199],"76":[199,199],"77":[199,0],"78":[0,199],"79":[199,199],"80":[0,0],"81":[0,0],"82":[199],"83":[199],"84":[199],"85":[0],"86":[79,79],"87":[79,0,0],"88":[0,0],"89":[0,0],"90":[79,0],"91":[0,79],"92":[79,79],"93":[79,0],"94":[0,79],"95":[79,79],"96":[79,0],"97":[0,79],"98":[79,79],"99":[79,0],"100":[0,79],"101":[79,79],"102":[79,0],"103":[0,79],"104":[79,79],"105":[0,79],"106":[79,79],"107":[3],"108":[30,30,30],"109":[19],"110":[27,27],"111":[27,0],"112":[0,27],"113":[27,27],"114":[0,27],"115":[27,27],"116":[27,0],"117":[0,27],"118":[27,27],"119":[0,0],"120":[0,0],"121":[0,27],"122":[27,27],"123":[0,27],"124":[27,27],"125":[0],"126":[7,0],"127":[7,0],"128":[4],"129":[7,0],"130":[7,0],"131":[7,0],"132":[0,7],"133":[7,7],"134":[3,5],"135":[8,7],"136":[4,1],"137":[1,0],"138":[8,0],"139":[8,0],"140":[8,0],"141":[79],"142":[4],"143":[0,4],"144":[4,4],"145":[4,0],"146":[0,4],"147":[4,4],"148":[0,0],"149":[0,0],"150":[0,4],"151":[4,4],"152":[0,4],"153":[4,4],"154":[0,4],"155":[4,4],"156":[0,4],"157":[4,4],"158":[12],"159":[17,82],"160":[99,99],"161":[99,0],"162":[207,0],"163":[19],"164":[8],"165":[7,0],"166":[7,0],"167":[1],"168":[289],"169":[0],"170":[0,0],"171":[0,0],"172":[0,0],"173":[0,0],"174":[0,0],"175":[0,0],"176":[86,0],"177":[0],"178":[0,0],"179":[0],"180":[565,32],"181":[42],"182":[0,42],"183":[42,21],"184":[2002],"185":[20406,2004],"186":[252],"187":[18404,18152,252],"188":[0],"189":[252,0],"190":[0],"191":[7,7],"192":[0],"193":[2193,5]}}
,"/Users/macbookpro/Documents/git/mainframelineage/mainframe-lineage-viewer/src/lib/mainframe/transformationCatalog.ts": {"path":"/Users/macbookpro/Documents/git/mainframelineage/mainframe-lineage-viewer/src/lib/mainframe/transformationCatalog.ts","statementMap":{"0":{"start":{"line":97,"column":0},"end":{"line":97,"column":16}},"1":{"start":{"line":159,"column":0},"end":{"line":159,"column":16}},"2":{"start":{"line":168,"column":0},"end":{"line":168,"column":16}},"3":{"start":{"line":8,"column":74},"end":{"line":69,"column":2}},"4":{"start":{"line":72,"column":21},"end":{"line":72,"column":59}},"5":{"start":{"line":73,"column":2},"end":{"line":75,"column":3}},"6":{"start":{"line":74,"column":4},"end":{"line":74,"column":17}},"7":{"start":{"line":78,"column":4},"end":{"line":81,"column":33}},"8":{"start":{"line":83,"column":2},"end":{"line":85,"column":3}},"9":{"start":{"line":84,"column":4},"end":{"line":84,"column":17}},"10":{"start":{"line":87,"column":2},"end":{"line":94,"column":4}},"11":{"start":{"line":102,"column":15},"end":{"line":102,"column":51}},"12":{"start":{"line":103,"column":18},"end":{"line":103,"column":57}},"13":{"start":{"line":105,"column":2},"end":{"line":107,"column":3}},"14":{"start":{"line":106,"column":4},"end":{"line":106,"column":41}},"15":{"start":{"line":109,"column":2},"end":{"line":116,"column":3}},"16":{"start":{"line":115,"column":4},"end":{"line":115,"column":49}},"17":{"start":{"line":118,"column":2},"end":{"line":120,"column":3}},"18":{"start":{"line":119,"column":4},"end":{"line":119,"column":53}},"19":{"start":{"line":122,"column":2},"end":{"line":128,"column":3}},"20":{"start":{"line":127,"column":4},"end":{"line":127,"column":62}},"21":{"start":{"line":130,"column":2},"end":{"line":132,"column":3}},"22":{"start":{"line":131,"column":4},"end":{"line":131,"column":44}},"23":{"start":{"line":134,"column":2},"end":{"line":136,"column":3}},"24":{"start":{"line":135,"column":4},"end":{"line":135,"column":48}},"25":{"start":{"line":138,"column":2},"end":{"line":140,"column":3}},"26":{"start":{"line":139,"column":4},"end":{"line":139,"column":49}},"27":{"start":{"line":142,"column":2},"end":{"line":146,"column":3}},"28":{"start":{"line":143,"column":4},"end":{"line":145,"column":51}},"29":{"start":{"line":148,"column":2},"end":{"line":150,"column":3}},"30":{"start":{"line":149,"column":4},"end":{"line":149,"column":50}},"31":{"start":{"line":152,"column":2},"end":{"line":154,"column":3}},"32":{"start":{"line":153,"column":4},"end":{"line":153,"column":49}},"33":{"start":{"line":156,"column":2},"end":{"line":156,"column":47}},"34":{"start":{"line":164,"column":21},"end":{"line":164,"column":92}},"35":{"start":{"line":165,"column":2},"end":{"line":165,"column":86}},"36":{"start":{"line":169,"column":15},"end":{"line":169,"column":58}},"37":{"start":{"line":170,"column":18},"end":{"line":170,"column":64}},"38":{"start":{"line":171,"column":2},"end":{"line":171,"column":30}}},"fnMap":{"0":{"name":"isConditionalLiteralAssignmentExpression","decl":{"start":{"line":71,"column":9},"end":{"line":71,"column":49}},"loc":{"start":{"line":71,"column":69},"end":{"line":95,"column":1}}},"1":{"name":"normalizeMainframeTransformation","decl":{"start":{"line":97,"column":16},"end":{"line":97,"column":48}},"loc":{"start":{"line":100,"column":21},"end":{"line":157,"column":1}}},"2":{"name":"isMainframeHardCodeTransformation","decl":{"start":{"line":159,"column":16},"end":{"line":159,"column":49}},"loc":{"start":{"line":162,"column":21},"end":{"line":166,"column":1}}},"3":{"name":"formatRawTransformation","decl":{"start":{"line":168,"column":16},"end":{"line":168,"column":39}},"loc":{"start":{"line":168,"column":79},"end":{"line":172,"column":1}}}},"branchMap":{"0":{"loc":{"start":{"line":72,"column":28},"end":{"line":72,"column":44}},"type":"binary-expr","locations":[{"start":{"line":72,"column":28},"end":{"line":72,"column":38}},{"start":{"line":72,"column":42},"end":{"line":72,"column":44}}]},"1":{"loc":{"start":{"line":73,"column":2},"end":{"line":75,"column":3}},"type":"if","locations":[{"start":{"line":73,"column":2},"end":{"line":75,"column":3}}]},"2":{"loc":{"start":{"line":78,"column":4},"end":{"line":81,"column":33}},"type":"binary-expr","locations":[{"start":{"line":78,"column":4},"end":{"line":78,"column":30}},{"start":{"line":79,"column":4},"end":{"line":79,"column":31}},{"start":{"line":80,"column":4},"end":{"line":80,"column":35}},{"start":{"line":81,"column":4},"end":{"line":81,"column":33}}]},"3":{"loc":{"start":{"line":83,"column":2},"end":{"line":85,"column":3}},"type":"if","locations":[{"start":{"line":83,"column":2},"end":{"line":85,"column":3}}]},"4":{"loc":{"start":{"line":88,"column":4},"end":{"line":93,"column":59}},"type":"binary-expr","locations":[{"start":{"line":88,"column":4},"end":{"line":88,"column":39}},{"start":{"line":89,"column":4},"end":{"line":89,"column":39}},{"start":{"line":90,"column":4},"end":{"line":90,"column":54}},{"start":{"line":91,"column":4},"end":{"line":91,"column":54}},{"start":{"line":92,"column":4},"end":{"line":92,"column":46}},{"start":{"line":93,"column":4},"end":{"line":93,"column":59}}]},"5":{"loc":{"start":{"line":102,"column":22},"end":{"line":102,"column":36}},"type":"binary-expr","locations":[{"start":{"line":102,"column":22},"end":{"line":102,"column":30}},{"start":{"line":102,"column":34},"end":{"line":102,"column":36}}]},"6":{"loc":{"start":{"line":103,"column":25},"end":{"line":103,"column":42}},"type":"binary-expr","locations":[{"start":{"line":103,"column":25},"end":{"line":103,"column":36}},{"start":{"line":103,"column":40},"end":{"line":103,"column":42}}]},"7":{"loc":{"start":{"line":105,"column":2},"end":{"line":107,"column":3}},"type":"if","locations":[{"start":{"line":105,"column":2},"end":{"line":107,"column":3}}]},"8":{"loc":{"start":{"line":105,"column":6},"end":{"line":105,"column":46}},"type":"binary-expr","locations":[{"start":{"line":105,"column":6},"end":{"line":105,"column":13}},{"start":{"line":105,"column":17},"end":{"line":105,"column":46}}]},"9":{"loc":{"start":{"line":109,"column":2},"end":{"line":116,"column":3}},"type":"if","locations":[{"start":{"line":109,"column":2},"end":{"line":116,"column":3}}]},"10":{"loc":{"start":{"line":110,"column":4},"end":{"line":113,"column":45}},"type":"binary-expr","locations":[{"start":{"line":110,"column":4},"end":{"line":110,"column":30}},{"start":{"line":111,"column":5},"end":{"line":111,"column":20}},{"start":{"line":111,"column":24},"end":{"line":111,"column":46}},{"start":{"line":112,"column":5},"end":{"line":112,"column":20}},{"start":{"line":112,"column":24},"end":{"line":112,"column":44}},{"start":{"line":113,"column":5},"end":{"line":113,"column":20}},{"start":{"line":113,"column":24},"end":{"line":113,"column":44}}]},"11":{"loc":{"start":{"line":118,"column":2},"end":{"line":120,"column":3}},"type":"if","locations":[{"start":{"line":118,"column":2},"end":{"line":120,"column":3}}]},"12":{"loc":{"start":{"line":118,"column":6},"end":{"line":118,"column":90}},"type":"binary-expr","locations":[{"start":{"line":118,"column":6},"end":{"line":118,"column":32}},{"start":{"line":118,"column":37},"end":{"line":118,"column":52}},{"start":{"line":118,"column":56},"end":{"line":118,"column":89}}]},"13":{"loc":{"start":{"line":122,"column":2},"end":{"line":128,"column":3}},"type":"if","locations":[{"start":{"line":122,"column":2},"end":{"line":128,"column":3}}]},"14":{"loc":{"start":{"line":123,"column":4},"end":{"line":125,"column":89}},"type":"binary-expr","locations":[{"start":{"line":123,"column":4},"end":{"line":123,"column":30}},{"start":{"line":124,"column":4},"end":{"line":124,"column":36}},{"start":{"line":125,"column":5},"end":{"line":125,"column":20}},{"start":{"line":125,"column":25},"end":{"line":125,"column":51}},{"start":{"line":125,"column":55},"end":{"line":125,"column":87}}]},"15":{"loc":{"start":{"line":130,"column":2},"end":{"line":132,"column":3}},"type":"if","locations":[{"start":{"line":130,"column":2},"end":{"line":132,"column":3}}]},"16":{"loc":{"start":{"line":130,"column":6},"end":{"line":130,"column":87}},"type":"binary-expr","locations":[{"start":{"line":130,"column":6},"end":{"line":130,"column":32}},{"start":{"line":130,"column":37},"end":{"line":130,"column":57}},{"start":{"line":130,"column":61},"end":{"line":130,"column":86}}]},"17":{"loc":{"start":{"line":134,"column":2},"end":{"line":136,"column":3}},"type":"if","locations":[{"start":{"line":134,"column":2},"end":{"line":136,"column":3}}]},"18":{"loc":{"start":{"line":134,"column":6},"end":{"line":134,"column":82}},"type":"binary-expr","locations":[{"start":{"line":134,"column":6},"end":{"line":134,"column":30}},{"start":{"line":134,"column":35},"end":{"line":134,"column":55}},{"start":{"line":134,"column":59},"end":{"line":134,"column":81}}]},"19":{"loc":{"start":{"line":138,"column":2},"end":{"line":140,"column":3}},"type":"if","locations":[{"start":{"line":138,"column":2},"end":{"line":140,"column":3}}]},"20":{"loc":{"start":{"line":138,"column":6},"end":{"line":138,"column":60}},"type":"binary-expr","locations":[{"start":{"line":138,"column":6},"end":{"line":138,"column":38}},{"start":{"line":138,"column":42},"end":{"line":138,"column":60}}]},"21":{"loc":{"start":{"line":142,"column":2},"end":{"line":146,"column":3}},"type":"if","locations":[{"start":{"line":142,"column":2},"end":{"line":146,"column":3}}]},"22":{"loc":{"start":{"line":142,"column":6},"end":{"line":142,"column":95}},"type":"binary-expr","locations":[{"start":{"line":142,"column":6},"end":{"line":142,"column":42}},{"start":{"line":142,"column":47},"end":{"line":142,"column":69}},{"start":{"line":142,"column":73},"end":{"line":142,"column":94}}]},"23":{"loc":{"start":{"line":143,"column":11},"end":{"line":145,"column":50}},"type":"cond-expr","locations":[{"start":{"line":144,"column":8},"end":{"line":144,"column":50}},{"start":{"line":145,"column":8},"end":{"line":145,"column":50}}]},"24":{"loc":{"start":{"line":148,"column":2},"end":{"line":150,"column":3}},"type":"if","locations":[{"start":{"line":148,"column":2},"end":{"line":150,"column":3}}]},"25":{"loc":{"start":{"line":148,"column":6},"end":{"line":148,"column":87}},"type":"binary-expr","locations":[{"start":{"line":148,"column":6},"end":{"line":148,"column":39}},{"start":{"line":148,"column":43},"end":{"line":148,"column":62}},{"start":{"line":148,"column":66},"end":{"line":148,"column":87}}]},"26":{"loc":{"start":{"line":152,"column":2},"end":{"line":154,"column":3}},"type":"if","locations":[{"start":{"line":152,"column":2},"end":{"line":154,"column":3}}]},"27":{"loc":{"start":{"line":152,"column":6},"end":{"line":152,"column":57}},"type":"binary-expr","locations":[{"start":{"line":152,"column":6},"end":{"line":152,"column":27}},{"start":{"line":152,"column":31},"end":{"line":152,"column":57}}]},"28":{"loc":{"start":{"line":165,"column":9},"end":{"line":165,"column":85}},"type":"binary-expr","locations":[{"start":{"line":165,"column":9},"end":{"line":165,"column":43}},{"start":{"line":165,"column":47},"end":{"line":165,"column":85}}]},"29":{"loc":{"start":{"line":169,"column":22},"end":{"line":169,"column":43}},"type":"binary-expr","locations":[{"start":{"line":169,"column":22},"end":{"line":169,"column":30}},{"start":{"line":169,"column":34},"end":{"line":169,"column":43}}]},"30":{"loc":{"start":{"line":170,"column":25},"end":{"line":170,"column":49}},"type":"binary-expr","locations":[{"start":{"line":170,"column":25},"end":{"line":170,"column":36}},{"start":{"line":170,"column":40},"end":{"line":170,"column":49}}]}},"s":{"0":1,"1":1,"2":1,"3":1,"4":0,"5":0,"6":0,"7":0,"8":0,"9":0,"10":0,"11":150,"12":150,"13":150,"14":150,"15":0,"16":0,"17":0,"18":0,"19":0,"20":0,"21":0,"22":0,"23":0,"24":0,"25":0,"26":0,"27":0,"28":0,"29":0,"30":0,"31":0,"32":0,"33":0,"34":30,"35":30,"36":0,"37":0,"38":0},"f":{"0":0,"1":150,"2":30,"3":0},"b":{"0":[0,0],"1":[0],"2":[0,0,0,0],"3":[0],"4":[0,0,0,0,0,0],"5":[150,0],"6":[150,0],"7":[150],"8":[150,150],"9":[0],"10":[0,0,0,0,0,0,0],"11":[0],"12":[0,0,0],"13":[0],"14":[0,0,0,0,0],"15":[0],"16":[0,0,0],"17":[0],"18":[0,0,0],"19":[0],"20":[0,0],"21":[0],"22":[0,0,0],"23":[0,0],"24":[0],"25":[0,0,0],"26":[0],"27":[0,0],"28":[30,29],"29":[0,0],"30":[0,0]}}
}
