TN:
SF:src/lib/columnFieldLineage.ts
FN:5,buildColumnFieldKey
FN:9,splitColumnFieldKey
FN:22,computeColumnFieldLineageStatus
FN:62,(anonymous_3)
FN:92,(anonymous_4)
FNF:5
FNH:5
FNDA:303,buildColumnFieldKey
FNDA:50,splitColumnFieldKey
FNDA:4,computeColumnFieldLineageStatus
FNDA:196,(anonymous_3)
FNDA:75,(anonymous_4)
DA:5,1
DA:6,303
DA:9,1
DA:10,50
DA:12,50
DA:13,0
DA:16,50
DA:22,1
DA:25,4
DA:26,4
DA:27,4
DA:28,4
DA:29,4
DA:30,4
DA:32,4
DA:33,23
DA:34,23
DA:36,23
DA:37,121
DA:41,4
DA:42,91
DA:43,91
DA:45,91
DA:46,91
DA:47,91
DA:48,91
DA:49,91
DA:51,91
DA:52,91
DA:53,20
DA:55,71
DA:59,4
DA:60,4
DA:62,4
DA:63,196
DA:64,196
DA:65,75
DA:68,121
DA:69,0
DA:72,121
DA:74,121
DA:77,121
DA:78,50
DA:79,50
DA:80,50
DA:82,50
DA:83,39
DA:84,11
DA:85,0
DA:86,11
DA:87,0
DA:89,11
DA:92,75
DA:97,121
DA:98,121
DA:99,121
DA:102,4
DA:103,121
DA:106,4
LF:59
LH:55
BRDA:12,0,0,0
BRDA:52,1,0,20
BRDA:52,1,1,71
BRDA:64,2,0,75
BRDA:68,3,0,0
BRDA:74,4,0,121
BRDA:74,4,1,50
BRDA:77,5,0,50
BRDA:77,5,1,71
BRDA:82,6,0,39
BRDA:82,6,1,11
BRDA:82,7,0,50
BRDA:82,7,1,39
BRDA:84,8,0,0
BRDA:84,8,1,11
BRDA:86,9,0,0
BRDA:86,9,1,11
BRDA:86,10,0,11
BRDA:86,10,1,0
BRDA:86,10,2,0
BRDA:92,11,0,63
BRDA:92,11,1,8
BRF:22
BRH:16
end_of_record
TN:
SF:src/lib/mainframe/parseCanonicalBundle.ts
FN:99,parseCanonicalBundle
FN:100,(anonymous_1)
FN:107,(anonymous_2)
FN:115,(anonymous_3)
FN:125,(anonymous_4)
FN:135,(anonymous_5)
FN:147,(anonymous_6)
FN:155,(anonymous_7)
FN:166,(anonymous_8)
FN:169,(anonymous_9)
FN:181,(anonymous_10)
FN:191,(anonymous_11)
FN:193,(anonymous_12)
FN:206,(anonymous_13)
FN:209,(anonymous_14)
FN:227,ensureDataset
FN:255,addDatasetContext
FN:272,(anonymous_17)
FN:317,(anonymous_18)
FN:357,(anonymous_19)
FN:358,(anonymous_20)
FN:377,(anonymous_21)
FN:418,(anonymous_22)
FN:433,(anonymous_23)
FN:460,addColumnLineageEdge
FN:478,ensureStepJob
FN:510,addTableLineageEdge
FN:524,buildFieldType
FN:530,datasetKey
FN:534,normalizeNamespace
FN:545,extractLiteral
FN:550,resolveBundleJclNames
FN:554,(anonymous_32)
FN:559,(anonymous_33)
FN:562,resolveCanonicalJclName
FN:577,buildStepJobKey
FN:586,addUnique
FN:596,parseCsv
FN:641,(anonymous_38)
FN:641,(anonymous_39)
FN:646,(anonymous_40)
FN:648,(anonymous_41)
FNF:42
FNH:41
FNDA:1,parseCanonicalBundle
FNDA:7,(anonymous_1)
FNDA:99,(anonymous_2)
FNDA:79,(anonymous_3)
FNDA:30,(anonymous_4)
FNDA:4,(anonymous_5)
FNDA:6,(anonymous_6)
FNDA:20,(anonymous_7)
FNDA:7,(anonymous_8)
FNDA:99,(anonymous_9)
FNDA:30,(anonymous_10)
FNDA:4,(anonymous_11)
FNDA:6,(anonymous_12)
FNDA:6,(anonymous_13)
FNDA:20,(anonymous_14)
FNDA:199,ensureDataset
FNDA:199,addDatasetContext
FNDA:79,(anonymous_17)
FNDA:30,(anonymous_18)
FNDA:30,(anonymous_19)
FNDA:7,(anonymous_20)
FNDA:11,(anonymous_21)
FNDA:8,(anonymous_22)
FNDA:283,(anonymous_23)
FNDA:86,addColumnLineageEdge
FNDA:86,ensureStepJob
FNDA:172,addTableLineageEdge
FNDA:99,buildFieldType
FNDA:199,datasetKey
FNDA:207,normalizeNamespace
FNDA:7,extractLiteral
FNDA:1,resolveBundleJclNames
FNDA:1,(anonymous_32)
FNDA:0,(anonymous_33)
FNDA:289,resolveCanonicalJclName
FNDA:86,buildStepJobKey
FNDA:597,addUnique
FNDA:7,parseCsv
FNDA:252,(anonymous_38)
FNDA:252,(anonymous_39)
FNDA:245,(anonymous_40)
FNDA:2193,(anonymous_41)
DA:11,1
DA:99,1
DA:100,7
DA:107,99
DA:115,79
DA:125,30
DA:135,4
DA:147,6
DA:155,20
DA:165,1
DA:166,7
DA:168,1
DA:169,1
DA:170,99
DA:171,7
DA:173,99
DA:180,1
DA:181,30
DA:183,1
DA:184,1
DA:185,1
DA:186,1
DA:187,1
DA:188,1
DA:189,1
DA:190,1
DA:191,4
DA:192,1
DA:193,6
DA:205,1
DA:206,6
DA:207,1
DA:209,1
DA:210,20
DA:220,20
DA:221,20
DA:222,20
DA:224,20
DA:228,199
DA:235,199
DA:237,199
DA:238,8
DA:252,199
DA:256,199
DA:257,199
DA:258,199
DA:259,199
DA:261,199
DA:262,199
DA:264,199
DA:265,199
DA:267,199
DA:268,199
DA:272,1
DA:273,79
DA:274,79
DA:275,79
DA:276,0
DA:279,79
DA:280,79
DA:281,79
DA:283,79
DA:284,79
DA:285,79
DA:287,79
DA:288,79
DA:289,79
DA:290,79
DA:292,79
DA:298,79
DA:311,79
DA:312,79
DA:313,79
DA:316,1
DA:318,30
DA:319,30
DA:320,3
DA:323,27
DA:324,27
DA:325,27
DA:326,27
DA:327,19
DA:329,27
DA:330,27
DA:334,27
DA:339,27
DA:356,1
DA:357,30
DA:359,7
DA:360,7
DA:361,0
DA:364,7
DA:371,7
DA:372,7
DA:373,7
DA:374,7
DA:375,7
DA:377,11
DA:378,4
DA:385,7
DA:386,7
DA:387,7
DA:388,7
DA:390,7
DA:411,7
DA:412,7
DA:413,7
DA:416,1
DA:418,1
DA:419,8
DA:420,8
DA:421,8
DA:423,8
DA:424,3
DA:425,5
DA:426,4
DA:427,1
DA:428,1
DA:430,0
DA:433,283
DA:434,8
DA:435,8
DA:436,8
DA:437,8
DA:440,1
DA:464,86
DA:473,86
DA:474,79
DA:484,86
DA:485,86
DA:487,86
DA:488,4
DA:507,86
DA:517,172
DA:518,172
DA:519,12
DA:520,12
DA:525,99
DA:526,99
DA:527,99
DA:531,199
DA:535,207
DA:536,207
DA:537,19
DA:539,188
DA:540,8
DA:542,180
DA:546,7
DA:547,7
DA:554,1
DA:555,1
DA:556,1
DA:559,0
DA:566,289
DA:567,289
DA:570,0
DA:571,0
DA:574,0
DA:582,86
DA:583,86
DA:587,597
DA:588,0
DA:590,597
DA:591,0
DA:593,597
DA:597,7
DA:598,7
DA:599,7
DA:600,7
DA:602,7
DA:603,20448
DA:604,20448
DA:606,20448
DA:607,42
DA:608,0
DA:609,0
DA:611,42
DA:613,42
DA:616,20406
DA:617,2002
DA:618,2002
DA:619,2002
DA:622,18404
DA:623,252
DA:624,0
DA:626,252
DA:627,252
DA:628,252
DA:629,252
DA:630,252
DA:633,18152
DA:636,7
DA:637,0
DA:638,0
DA:641,252
DA:642,7
DA:643,0
DA:646,7
DA:647,245
DA:648,245
DA:649,2193
DA:651,245
LF:202
LH:187
BRDA:101,0,0,7
BRDA:101,0,1,0
BRDA:102,1,0,7
BRDA:102,1,1,0
BRDA:103,2,0,7
BRDA:103,2,1,0
BRDA:104,3,0,7
BRDA:104,3,1,0
BRDA:105,4,0,7
BRDA:105,4,1,0
BRDA:108,5,0,99
BRDA:108,5,1,0
BRDA:109,6,0,99
BRDA:109,6,1,0
BRDA:110,7,0,99
BRDA:110,7,1,0
BRDA:111,8,0,99
BRDA:111,8,1,0
BRDA:112,9,0,99
BRDA:112,9,1,0
BRDA:113,10,0,99
BRDA:113,10,1,0
BRDA:116,11,0,79
BRDA:116,11,1,0
BRDA:117,12,0,79
BRDA:117,12,1,0
BRDA:118,13,0,79
BRDA:118,13,1,0
BRDA:119,14,0,79
BRDA:119,14,1,0
BRDA:120,15,0,79
BRDA:120,15,1,0
BRDA:121,16,0,79
BRDA:121,16,1,0
BRDA:122,17,0,79
BRDA:122,17,1,0
BRDA:123,18,0,79
BRDA:123,18,1,0
BRDA:126,19,0,30
BRDA:126,19,1,0
BRDA:127,20,0,30
BRDA:127,20,1,0
BRDA:128,21,0,30
BRDA:128,21,1,0
BRDA:129,22,0,30
BRDA:129,22,1,0
BRDA:130,23,0,30
BRDA:130,23,1,0
BRDA:131,24,0,30
BRDA:131,24,1,0
BRDA:132,25,0,30
BRDA:132,25,1,0
BRDA:133,26,0,30
BRDA:133,26,1,0
BRDA:135,27,0,1
BRDA:135,27,1,0
BRDA:136,28,0,4
BRDA:136,28,1,0
BRDA:137,29,0,4
BRDA:137,29,1,0
BRDA:138,30,0,4
BRDA:138,30,1,0
BRDA:139,31,0,4
BRDA:139,31,1,0
BRDA:140,32,0,4
BRDA:140,32,1,0
BRDA:141,33,0,4
BRDA:141,33,1,0
BRDA:142,34,0,4
BRDA:142,34,1,0
BRDA:143,35,0,4
BRDA:143,35,1,3
BRDA:144,36,0,4
BRDA:144,36,1,0
BRDA:145,37,0,4
BRDA:145,37,1,0
BRDA:147,38,0,1
BRDA:147,38,1,0
BRDA:148,39,0,6
BRDA:148,39,1,0
BRDA:149,40,0,6
BRDA:149,40,1,0
BRDA:150,41,0,6
BRDA:150,41,1,0
BRDA:151,42,0,6
BRDA:151,42,1,0
BRDA:152,43,0,6
BRDA:152,43,1,0
BRDA:153,44,0,6
BRDA:153,44,1,0
BRDA:155,45,0,1
BRDA:155,45,1,0
BRDA:156,46,0,20
BRDA:156,46,1,0
BRDA:157,47,0,20
BRDA:157,47,1,0
BRDA:158,48,0,20
BRDA:158,48,1,0
BRDA:159,49,0,20
BRDA:159,49,1,0
BRDA:160,50,0,20
BRDA:160,50,1,0
BRDA:161,51,0,20
BRDA:161,51,1,0
BRDA:162,52,0,20
BRDA:162,52,1,0
BRDA:170,53,0,7
BRDA:173,54,0,0
BRDA:173,54,1,99
BRDA:173,55,0,99
BRDA:173,55,1,99
BRDA:221,56,0,20
BRDA:224,57,0,0
BRDA:224,57,1,20
BRDA:224,58,0,20
BRDA:224,58,1,20
BRDA:228,59,0,199
BRDA:228,59,1,7
BRDA:230,60,0,7
BRDA:230,60,1,0
BRDA:230,61,0,0
BRDA:230,61,1,7
BRDA:230,62,0,7
BRDA:230,62,1,7
BRDA:231,63,0,7
BRDA:231,63,1,0
BRDA:231,64,0,0
BRDA:231,64,1,7
BRDA:231,65,0,7
BRDA:231,65,1,7
BRDA:232,66,0,7
BRDA:232,66,1,0
BRDA:232,67,0,0
BRDA:232,67,1,7
BRDA:232,68,0,7
BRDA:232,68,1,7
BRDA:233,69,0,7
BRDA:233,69,1,0
BRDA:233,70,0,0
BRDA:233,70,1,7
BRDA:233,71,0,7
BRDA:233,71,1,7
BRDA:237,72,0,8
BRDA:242,73,0,8
BRDA:242,73,1,1
BRDA:257,74,0,199
BRDA:257,74,1,0
BRDA:257,75,0,0
BRDA:257,75,1,199
BRDA:257,76,0,199
BRDA:257,76,1,199
BRDA:258,77,0,199
BRDA:258,77,1,0
BRDA:258,78,0,0
BRDA:258,78,1,199
BRDA:258,79,0,199
BRDA:258,79,1,199
BRDA:258,80,0,0
BRDA:258,80,1,0
BRDA:258,81,0,0
BRDA:258,81,1,0
BRDA:261,82,0,199
BRDA:264,83,0,199
BRDA:267,84,0,199
BRDA:275,85,0,0
BRDA:275,86,0,79
BRDA:275,86,1,79
BRDA:285,87,0,79
BRDA:285,87,1,0
BRDA:285,87,2,0
BRDA:285,88,0,0
BRDA:285,88,1,0
BRDA:285,89,0,0
BRDA:285,89,1,0
BRDA:293,90,0,79
BRDA:293,90,1,0
BRDA:293,91,0,0
BRDA:293,91,1,79
BRDA:293,92,0,79
BRDA:293,92,1,79
BRDA:294,93,0,79
BRDA:294,93,1,0
BRDA:294,94,0,0
BRDA:294,94,1,79
BRDA:294,95,0,79
BRDA:294,95,1,79
BRDA:295,96,0,79
BRDA:295,96,1,0
BRDA:295,97,0,0
BRDA:295,97,1,79
BRDA:295,98,0,79
BRDA:295,98,1,79
BRDA:303,99,0,79
BRDA:303,99,1,0
BRDA:303,100,0,0
BRDA:303,100,1,79
BRDA:303,101,0,79
BRDA:303,101,1,79
BRDA:304,102,0,79
BRDA:304,102,1,0
BRDA:304,103,0,0
BRDA:304,103,1,79
BRDA:304,104,0,79
BRDA:304,104,1,79
BRDA:308,105,0,0
BRDA:308,105,1,79
BRDA:308,106,0,79
BRDA:308,106,1,79
BRDA:319,107,0,3
BRDA:319,108,0,30
BRDA:319,108,1,30
BRDA:319,108,2,30
BRDA:326,109,0,19
BRDA:331,110,0,27
BRDA:331,110,1,27
BRDA:332,111,0,27
BRDA:332,111,1,0
BRDA:339,112,0,0
BRDA:339,112,1,27
BRDA:339,113,0,27
BRDA:339,113,1,27
BRDA:348,114,0,0
BRDA:348,114,1,27
BRDA:348,115,0,27
BRDA:348,115,1,27
BRDA:349,116,0,27
BRDA:349,116,1,0
BRDA:349,117,0,0
BRDA:349,117,1,27
BRDA:349,118,0,27
BRDA:349,118,1,27
BRDA:349,119,0,0
BRDA:349,119,1,0
BRDA:349,120,0,0
BRDA:349,120,1,0
BRDA:350,121,0,0
BRDA:350,121,1,27
BRDA:350,122,0,27
BRDA:350,122,1,27
BRDA:351,123,0,0
BRDA:351,123,1,27
BRDA:351,124,0,27
BRDA:351,124,1,27
BRDA:360,125,0,0
BRDA:372,126,0,7
BRDA:372,126,1,0
BRDA:375,127,0,7
BRDA:375,127,1,0
BRDA:377,128,0,4
BRDA:396,129,0,7
BRDA:396,129,1,0
BRDA:399,130,0,7
BRDA:399,130,1,0
BRDA:404,131,0,7
BRDA:404,131,1,0
BRDA:408,132,0,0
BRDA:408,132,1,7
BRDA:408,133,0,7
BRDA:408,133,1,7
BRDA:423,134,0,3
BRDA:423,134,1,5
BRDA:423,135,0,8
BRDA:423,135,1,7
BRDA:425,136,0,4
BRDA:425,136,1,1
BRDA:427,137,0,1
BRDA:427,137,1,0
BRDA:434,138,0,8
BRDA:434,138,1,0
BRDA:435,139,0,8
BRDA:435,139,1,0
BRDA:436,140,0,8
BRDA:436,140,1,0
BRDA:473,141,0,79
BRDA:487,142,0,4
BRDA:497,143,0,0
BRDA:497,143,1,4
BRDA:497,144,0,4
BRDA:497,144,1,4
BRDA:498,145,0,4
BRDA:498,145,1,0
BRDA:498,146,0,0
BRDA:498,146,1,4
BRDA:498,147,0,4
BRDA:498,147,1,4
BRDA:498,148,0,0
BRDA:498,148,1,0
BRDA:498,149,0,0
BRDA:498,149,1,0
BRDA:499,150,0,0
BRDA:499,150,1,4
BRDA:499,151,0,4
BRDA:499,151,1,4
BRDA:500,152,0,0
BRDA:500,152,1,4
BRDA:500,153,0,4
BRDA:500,153,1,4
BRDA:501,154,0,0
BRDA:501,154,1,4
BRDA:501,155,0,4
BRDA:501,155,1,4
BRDA:502,156,0,0
BRDA:502,156,1,4
BRDA:502,157,0,4
BRDA:502,157,1,4
BRDA:518,158,0,12
BRDA:525,159,0,17
BRDA:525,159,1,82
BRDA:525,160,0,99
BRDA:525,160,1,99
BRDA:526,161,0,99
BRDA:526,161,1,0
BRDA:535,162,0,207
BRDA:535,162,1,0
BRDA:536,163,0,19
BRDA:539,164,0,8
BRDA:546,165,0,7
BRDA:546,165,1,0
BRDA:547,166,0,7
BRDA:547,166,1,0
BRDA:555,167,0,1
BRDA:566,168,0,289
BRDA:570,169,0,0
BRDA:570,170,0,0
BRDA:570,170,1,0
BRDA:570,171,0,0
BRDA:570,171,1,0
BRDA:570,172,0,0
BRDA:570,172,1,0
BRDA:574,173,0,0
BRDA:574,173,1,0
BRDA:574,174,0,0
BRDA:574,174,1,0
BRDA:574,175,0,0
BRDA:574,175,1,0
BRDA:582,176,0,86
BRDA:582,176,1,0
BRDA:587,177,0,0
BRDA:588,178,0,0
BRDA:588,178,1,0
BRDA:590,179,0,0
BRDA:593,180,0,565
BRDA:593,180,1,32
BRDA:606,181,0,42
BRDA:607,182,0,0
BRDA:607,182,1,42
BRDA:607,183,0,42
BRDA:607,183,1,21
BRDA:616,184,0,2002
BRDA:616,185,0,20406
BRDA:616,185,1,2004
BRDA:622,186,0,252
BRDA:622,187,0,18404
BRDA:622,187,1,18152
BRDA:622,187,2,252
BRDA:623,188,0,0
BRDA:623,189,0,252
BRDA:623,189,1,0
BRDA:636,190,0,0
BRDA:636,191,0,7
BRDA:636,191,1,7
BRDA:642,192,0,0
BRDA:649,193,0,2193
BRDA:649,193,1,5
BRF:364
BRH:216
end_of_record
TN:
SF:src/lib/mainframe/transformationCatalog.ts
FN:71,isConditionalLiteralAssignmentExpression
FN:97,normalizeMainframeTransformation
FN:159,isMainframeHardCodeTransformation
FN:168,formatRawTransformation
FNF:4
FNH:2
FNDA:0,isConditionalLiteralAssignmentExpression
FNDA:150,normalizeMainframeTransformation
FNDA:30,isMainframeHardCodeTransformation
FNDA:0,formatRawTransformation
DA:8,1
DA:72,0
DA:73,0
DA:74,0
DA:78,0
DA:83,0
DA:84,0
DA:87,0
DA:97,1
DA:102,150
DA:103,150
DA:105,150
DA:106,150
DA:109,0
DA:115,0
DA:118,0
DA:119,0
DA:122,0
DA:127,0
DA:130,0
DA:131,0
DA:134,0
DA:135,0
DA:138,0
DA:139,0
DA:142,0
DA:143,0
DA:148,0
DA:149,0
DA:152,0
DA:153,0
DA:156,0
DA:159,1
DA:164,30
DA:165,30
DA:168,1
DA:169,0
DA:170,0
DA:171,0
LF:39
LH:10
BRDA:72,0,0,0
BRDA:72,0,1,0
BRDA:73,1,0,0
BRDA:78,2,0,0
BRDA:78,2,1,0
BRDA:78,2,2,0
BRDA:78,2,3,0
BRDA:83,3,0,0
BRDA:88,4,0,0
BRDA:88,4,1,0
BRDA:88,4,2,0
BRDA:88,4,3,0
BRDA:88,4,4,0
BRDA:88,4,5,0
BRDA:102,5,0,150
BRDA:102,5,1,0
BRDA:103,6,0,150
BRDA:103,6,1,0
BRDA:105,7,0,150
BRDA:105,8,0,150
BRDA:105,8,1,150
BRDA:109,9,0,0
BRDA:110,10,0,0
BRDA:110,10,1,0
BRDA:110,10,2,0
BRDA:110,10,3,0
BRDA:110,10,4,0
BRDA:110,10,5,0
BRDA:110,10,6,0
BRDA:118,11,0,0
BRDA:118,12,0,0
BRDA:118,12,1,0
BRDA:118,12,2,0
BRDA:122,13,0,0
BRDA:123,14,0,0
BRDA:123,14,1,0
BRDA:123,14,2,0
BRDA:123,14,3,0
BRDA:123,14,4,0
BRDA:130,15,0,0
BRDA:130,16,0,0
BRDA:130,16,1,0
BRDA:130,16,2,0
BRDA:134,17,0,0
BRDA:134,18,0,0
BRDA:134,18,1,0
BRDA:134,18,2,0
BRDA:138,19,0,0
BRDA:138,20,0,0
BRDA:138,20,1,0
BRDA:142,21,0,0
BRDA:142,22,0,0
BRDA:142,22,1,0
BRDA:142,22,2,0
BRDA:143,23,0,0
BRDA:143,23,1,0
BRDA:148,24,0,0
BRDA:148,25,0,0
BRDA:148,25,1,0
BRDA:148,25,2,0
BRDA:152,26,0,0
BRDA:152,27,0,0
BRDA:152,27,1,0
BRDA:165,28,0,30
BRDA:165,28,1,29
BRDA:169,29,0,0
BRDA:169,29,1,0
BRDA:170,30,0,0
BRDA:170,30,1,0
BRF:69
BRH:7
end_of_record
