TN:
SF:src/components/lineageFullscreenPanel.ts
FN:7,getLineageFullscreenButtonLabel
FN:11,getLineageFullscreenButtonTitle
FN:15,getLineageFullscreenPanelStyle
FN:35,getLineageFullscreenButtonStyle
FN:60,createLineageFullscreenRefitCallback
FN:63,(anonymous_5)
FNF:6
FNH:6
FNDA:2,getLineageFullscreenButtonLabel
FNDA:2,getLineageFullscreenButtonTitle
FNDA:2,getLineageFullscreenPanelStyle
FNDA:1,getLineageFullscreenButtonStyle
FNDA:1,createLineageFullscreenRefitCallback
FNDA:1,(anonymous_5)
DA:7,1
DA:8,2
DA:11,1
DA:12,2
DA:15,1
DA:24,2
DA:35,1
DA:42,1
DA:60,1
DA:63,1
DA:64,1
LF:11
LH:11
BRDA:8,0,0,1
BRDA:8,0,1,1
BRDA:12,1,0,1
BRDA:12,1,1,1
BRDA:25,2,0,1
BRDA:25,2,1,1
BRDA:26,3,0,1
BRDA:26,3,1,1
BRDA:27,4,0,1
BRDA:27,4,1,1
BRDA:28,5,0,1
BRDA:28,5,1,1
BRDA:29,6,0,1
BRDA:29,6,1,1
BRDA:51,7,0,1
BRDA:51,7,1,0
BRDA:52,8,0,1
BRDA:52,8,1,0
BRDA:53,9,0,1
BRDA:53,9,1,0
BRDA:55,10,0,0
BRDA:55,10,1,1
BRDA:56,11,0,0
BRDA:56,11,1,1
BRDA:64,12,0,0
BRDA:64,12,1,1
BRDA:64,13,0,1
BRDA:64,13,1,1
BRF:28
BRH:22
end_of_record
TN:
SF:src/components/useLineageFullscreen.ts
FN:29,getBrowserFullscreenDocument
FN:37,canUseLineageFullscreen
FN:49,isLineageFullscreenActive
FN:60,scheduleLineageFullscreenRefit
FN:66,(anonymous_4)
FN:69,(anonymous_5)
FN:73,(anonymous_6)
FN:76,useLineageFullscreen
FN:86,(anonymous_8)
FN:107,(anonymous_9)
FN:115,(anonymous_10)
FN:121,(anonymous_11)
FN:128,(anonymous_12)
FN:152,(anonymous_13)
FN:167,(anonymous_14)
FNF:15
FNH:5
FNDA:0,getBrowserFullscreenDocument
FNDA:3,canUseLineageFullscreen
FNDA:2,isLineageFullscreenActive
FNDA:2,scheduleLineageFullscreenRefit
FNDA:0,(anonymous_4)
FNDA:1,(anonymous_5)
FNDA:1,(anonymous_6)
FNDA:0,useLineageFullscreen
FNDA:0,(anonymous_8)
FNDA:0,(anonymous_9)
FNDA:0,(anonymous_10)
FNDA:0,(anonymous_11)
FNDA:0,(anonymous_12)
FNDA:0,(anonymous_13)
FNDA:0,(anonymous_14)
DA:1,1
DA:27,1
DA:30,0
DA:31,0
DA:34,0
DA:37,1
DA:41,3
DA:43,3
DA:49,1
DA:53,2
DA:60,1
DA:65,2
DA:66,0
DA:69,2
DA:70,1
DA:73,2
DA:76,1
DA:81,0
DA:82,0
DA:83,0
DA:85,0
DA:87,0
DA:88,0
DA:89,0
DA:90,0
DA:92,0
DA:93,0
DA:95,0
DA:96,0
DA:97,0
DA:107,0
DA:108,0
DA:109,0
DA:110,0
DA:113,0
DA:115,0
DA:116,0
DA:119,0
DA:121,0
DA:122,0
DA:123,0
DA:124,0
DA:128,0
DA:129,0
DA:130,0
DA:132,0
DA:133,0
DA:136,0
DA:137,0
DA:140,0
DA:141,0
DA:144,0
DA:145,0
DA:146,0
DA:148,0
DA:152,0
DA:153,0
DA:155,0
DA:156,0
DA:159,0
DA:160,0
DA:161,0
DA:163,0
DA:167,0
DA:168,0
DA:169,0
DA:171,0
DA:172,0
DA:175,0
DA:178,0
LF:70
LH:13
BRDA:30,0,0,0
BRDA:44,1,0,3
BRDA:44,1,1,1
BRDA:44,2,0,1
BRDA:44,2,1,2
BRDA:44,3,0,3
BRDA:44,3,1,2
BRDA:45,4,0,0
BRDA:45,4,1,1
BRDA:45,5,0,1
BRDA:45,5,1,1
BRDA:54,6,0,2
BRDA:54,6,1,1
BRDA:54,6,2,1
BRDA:54,7,0,0
BRDA:54,7,1,2
BRDA:54,8,0,2
BRDA:54,8,1,2
BRDA:63,9,0,0
BRDA:65,10,0,0
BRDA:79,11,0,0
BRDA:95,12,0,0
BRDA:96,13,0,0
BRDA:96,13,1,0
BRDA:96,14,0,0
BRDA:96,14,1,0
BRDA:109,15,0,0
BRDA:123,16,0,0
BRDA:123,16,1,0
BRDA:123,17,0,0
BRDA:123,17,1,0
BRDA:132,18,0,0
BRDA:136,19,0,0
BRDA:140,20,0,0
BRDA:155,21,0,0
BRDA:155,22,0,0
BRDA:155,22,1,0
BRDA:155,23,0,0
BRDA:155,23,1,0
BRDA:155,24,0,0
BRDA:155,24,1,0
BRDA:171,25,0,0
BRF:42
BRH:15
end_of_record
